<?xml version="1.0" encoding="UTF-8"?>
<coverage generated="1773240393996" clover="3.2.0">
  <project timestamp="1773240393996" name="All files">
    <metrics statements="367" coveredstatements="76" conditionals="207" coveredconditionals="22" methods="45" coveredmethods="8" elements="619" coveredelements="106" complexity="0" loc="367" ncloc="367" packages="1" files="8" classes="8"/>
    <file name="digitalocean-error-new.ts" path="/home/runner/work/digitalocean-ai-provider/digitalocean-ai-provider/src/digitalocean-error-new.ts">
      <metrics statements="29" coveredstatements="0" conditionals="11" coveredconditionals="0" methods="3" coveredmethods="0"/>
      <line num="1" count="0" type="stmt"/>
      <line num="2" count="0" type="stmt"/>
      <line num="7" count="0" type="stmt"/>
      <line num="20" count="0" type="stmt"/>
      <line num="26" count="0" type="stmt"/>
      <line num="27" count="0" type="cond" truecount="0" falsecount="2"/>
      <line num="28" count="0" type="stmt"/>
      <line num="29" count="0" type="stmt"/>
      <line num="30" count="0" type="stmt"/>
      <line num="33" count="0" type="stmt"/>
      <line num="34" count="0" type="cond" truecount="0" falsecount="2"/>
      <line num="36" count="0" type="cond" truecount="0" falsecount="1"/>
      <line num="37" count="0" type="stmt"/>
      <line num="48" count="0" type="cond" truecount="0" falsecount="1"/>
      <line num="49" count="0" type="stmt"/>
      <line num="59" count="0" type="cond" truecount="0" falsecount="1"/>
      <line num="60" count="0" type="stmt"/>
      <line num="70" count="0" type="cond" truecount="0" falsecount="1"/>
      <line num="71" count="0" type="stmt"/>
      <line num="81" count="0" type="cond" truecount="0" falsecount="1"/>
      <line num="82" count="0" type="stmt"/>
      <line num="94" count="0" type="stmt"/>
      <line num="107" count="0" type="stmt"/>
      <line num="113" count="0" type="stmt"/>
      <line num="114" count="0" type="stmt"/>
      <line num="115" count="0" type="stmt"/>
      <line num="116" count="0" type="stmt"/>
      <line num="123" count="0" type="stmt"/>
      <line num="125" count="0" type="stmt"/>
    </file>
    <file name="digitalocean-error.ts" path="/home/runner/work/digitalocean-ai-provider/digitalocean-ai-provider/src/digitalocean-error.ts">
      <metrics statements="29" coveredstatements="0" conditionals="11" coveredconditionals="0" methods="3" coveredmethods="0"/>
      <line num="1" count="0" type="stmt"/>
      <line num="2" count="0" type="stmt"/>
      <line num="7" count="0" type="stmt"/>
      <line num="20" count="0" type="stmt"/>
      <line num="26" count="0" type="stmt"/>
      <line num="27" count="0" type="cond" truecount="0" falsecount="2"/>
      <line num="28" count="0" type="stmt"/>
      <line num="29" count="0" type="stmt"/>
      <line num="30" count="0" type="stmt"/>
      <line num="33" count="0" type="stmt"/>
      <line num="34" count="0" type="cond" truecount="0" falsecount="2"/>
      <line num="36" count="0" type="cond" truecount="0" falsecount="1"/>
      <line num="37" count="0" type="stmt"/>
      <line num="48" count="0" type="cond" truecount="0" falsecount="1"/>
      <line num="49" count="0" type="stmt"/>
      <line num="59" count="0" type="cond" truecount="0" falsecount="1"/>
      <line num="60" count="0" type="stmt"/>
      <line num="70" count="0" type="cond" truecount="0" falsecount="1"/>
      <line num="71" count="0" type="stmt"/>
      <line num="81" count="0" type="cond" truecount="0" falsecount="1"/>
      <line num="82" count="0" type="stmt"/>
      <line num="94" count="0" type="stmt"/>
      <line num="107" count="0" type="stmt"/>
      <line num="113" count="0" type="stmt"/>
      <line num="114" count="0" type="stmt"/>
      <line num="115" count="0" type="stmt"/>
      <line num="116" count="0" type="stmt"/>
      <line num="123" count="0" type="stmt"/>
      <line num="125" count="0" type="stmt"/>
    </file>
    <file name="digitalocean-language-model-new.ts" path="/home/runner/work/digitalocean-ai-provider/digitalocean-ai-provider/src/digitalocean-language-model-new.ts">
      <metrics statements="89" coveredstatements="0" conditionals="52" coveredconditionals="0" methods="14" coveredmethods="0"/>
      <line num="1" count="0" type="stmt"/>
      <line num="11" count="0" type="stmt"/>
      <line num="18" count="0" type="stmt"/>
      <line num="28" count="0" type="stmt"/>
      <line num="31" count="0" type="stmt"/>
      <line num="32" count="0" type="stmt"/>
      <line num="34" count="0" type="stmt"/>
      <line num="35" count="0" type="stmt"/>
      <line num="47" count="0" type="stmt"/>
      <line num="48" count="0" type="stmt"/>
      <line num="49" count="0" type="stmt"/>
      <line num="50" count="0" type="stmt"/>
      <line num="54" count="0" type="stmt"/>
      <line num="58" count="0" type="cond" truecount="0" falsecount="4"/>
      <line num="59" count="0" type="stmt"/>
      <line num="60" count="0" type="stmt"/>
      <line num="61" count="0" type="stmt"/>
      <line num="62" count="0" type="stmt"/>
      <line num="70" count="0" type="stmt"/>
      <line num="71" count="0" type="cond" truecount="0" falsecount="2"/>
      <line num="74" count="0" type="cond" truecount="0" falsecount="1"/>
      <line num="75" count="0" type="stmt"/>
      <line num="82" count="0" type="cond" truecount="0" falsecount="1"/>
      <line num="83" count="0" type="stmt"/>
      <line num="90" count="0" type="stmt"/>
      <line num="99" count="0" type="cond" truecount="0" falsecount="1"/>
      <line num="100" count="0" type="stmt"/>
      <line num="103" count="0" type="cond" truecount="0" falsecount="1"/>
      <line num="104" count="0" type="stmt"/>
      <line num="107" count="0" type="cond" truecount="0" falsecount="1"/>
      <line num="108" count="0" type="stmt"/>
      <line num="111" count="0" type="cond" truecount="0" falsecount="1"/>
      <line num="112" count="0" type="stmt"/>
      <line num="115" count="0" type="cond" truecount="0" falsecount="1"/>
      <line num="116" count="0" type="stmt"/>
      <line num="119" count="0" type="cond" truecount="0" falsecount="1"/>
      <line num="120" count="0" type="stmt"/>
      <line num="123" count="0" type="stmt"/>
      <line num="136" count="0" type="stmt"/>
      <line num="139" count="0" type="stmt"/>
      <line num="140" count="0" type="cond" truecount="0" falsecount="2"/>
      <line num="146" count="0" type="stmt"/>
      <line num="153" count="0" type="stmt"/>
      <line num="161" count="0" type="cond" truecount="0" falsecount="1"/>
      <line num="162" count="0" type="stmt"/>
      <line num="163" count="0" type="stmt"/>
      <line num="172" count="0" type="stmt"/>
      <line num="173" count="0" type="stmt"/>
      <line num="175" count="0" type="cond" truecount="0" falsecount="1"/>
      <line num="176" count="0" type="stmt"/>
      <line num="179" count="0" type="stmt"/>
      <line num="184" count="0" type="stmt"/>
      <line num="185" count="0" type="cond" truecount="0" falsecount="2"/>
      <line num="187" count="0" type="stmt"/>
      <line num="203" count="0" type="cond" truecount="0" falsecount="2"/>
      <line num="227" count="0" type="stmt"/>
      <line num="229" count="0" type="stmt"/>
      <line num="235" count="0" type="stmt"/>
      <line num="236" count="0" type="cond" truecount="0" falsecount="2"/>
      <line num="242" count="0" type="stmt"/>
      <line num="249" count="0" type="stmt"/>
      <line num="257" count="0" type="cond" truecount="0" falsecount="3"/>
      <line num="258" count="0" type="stmt"/>
      <line num="259" count="0" type="stmt"/>
      <line num="268" count="0" type="stmt"/>
      <line num="269" count="0" type="stmt"/>
      <line num="275" count="0" type="stmt"/>
      <line num="276" count="0" type="stmt"/>
      <line num="278" count="0" type="cond" truecount="0" falsecount="1"/>
      <line num="279" count="0" type="stmt"/>
      <line num="284" count="0" type="stmt"/>
      <line num="285" count="0" type="stmt"/>
      <line num="287" count="0" type="stmt"/>
      <line num="288" count="0" type="stmt"/>
      <line num="289" count="0" type="cond" truecount="0" falsecount="3"/>
      <line num="291" count="0" type="cond" truecount="0" falsecount="1"/>
      <line num="292" count="0" type="stmt"/>
      <line num="293" count="0" type="stmt"/>
      <line num="294" count="0" type="stmt"/>
      <line num="296" count="0" type="cond" truecount="0" falsecount="1"/>
      <line num="299" count="0" type="cond" truecount="0" falsecount="1"/>
      <line num="300" count="0" type="stmt"/>
      <line num="308" count="0" type="cond" truecount="0" falsecount="1"/>
      <line num="309" count="0" type="stmt"/>
      <line num="311" count="0" type="cond" truecount="0" falsecount="1"/>
      <line num="312" count="0" type="stmt"/>
      <line num="320" count="0" type="stmt"/>
      <line num="327" count="0" type="stmt"/>
      <line num="335" count="0" type="stmt"/>
    </file>
    <file name="digitalocean-language-model.ts" path="/home/runner/work/digitalocean-ai-provider/digitalocean-ai-provider/src/digitalocean-language-model.ts">
      <metrics statements="138" coveredstatements="24" conditionals="95" coveredconditionals="7" methods="15" coveredmethods="2"/>
      <line num="1" count="2" type="stmt"/>
      <line num="11" count="2" type="stmt"/>
      <line num="18" count="2" type="stmt"/>
      <line num="29" count="2" type="stmt"/>
      <line num="32" count="2" type="stmt"/>
      <line num="33" count="2" type="stmt"/>
      <line num="35" count="2" type="stmt"/>
      <line num="36" count="16" type="stmt"/>
      <line num="48" count="16" type="stmt"/>
      <line num="49" count="16" type="stmt"/>
      <line num="50" count="16" type="stmt"/>
      <line num="51" count="16" type="stmt"/>
      <line num="55" count="0" type="stmt"/>
      <line num="59" count="0" type="cond" truecount="0" falsecount="5"/>
      <line num="60" count="0" type="stmt"/>
      <line num="61" count="0" type="stmt"/>
      <line num="62" count="0" type="stmt"/>
      <line num="63" count="0" type="stmt"/>
      <line num="64" count="0" type="stmt"/>
      <line num="71" count="0" type="cond" truecount="0" falsecount="3"/>
      <line num="72" count="0" type="stmt"/>
      <line num="74" count="0" type="cond" truecount="0" falsecount="2"/>
      <line num="75" count="0" type="stmt"/>
      <line num="76" count="0" type="stmt"/>
      <line num="78" count="0" type="cond" truecount="0" falsecount="2"/>
      <line num="79" count="0" type="stmt"/>
      <line num="80" count="0" type="stmt"/>
      <line num="82" count="0" type="cond" truecount="0" falsecount="1"/>
      <line num="83" count="0" type="stmt"/>
      <line num="87" count="0" type="stmt"/>
      <line num="92" count="0" type="cond" truecount="0" falsecount="2"/>
      <line num="93" count="0" type="stmt"/>
      <line num="94" count="0" type="cond" truecount="0" falsecount="2"/>
      <line num="95" count="0" type="stmt"/>
      <line num="96" count="0" type="cond" truecount="0" falsecount="2"/>
      <line num="97" count="0" type="stmt"/>
      <line num="98" count="0" type="cond" truecount="0" falsecount="1"/>
      <line num="99" count="0" type="stmt"/>
      <line num="108" count="0" type="stmt"/>
      <line num="115" count="2" type="stmt"/>
      <line num="116" count="2" type="cond" truecount="1" falsecount="1"/>
      <line num="119" count="2" type="stmt"/>
      <line num="128" count="2" type="cond" truecount="0" falsecount="1"/>
      <line num="132" count="0" type="stmt"/>
      <line num="134" count="0" type="stmt"/>
      <line num="135" count="0" type="stmt"/>
      <line num="136" count="0" type="stmt"/>
      <line num="148" count="0" type="stmt"/>
      <line num="152" count="2" type="cond" truecount="0" falsecount="1"/>
      <line num="153" count="0" type="stmt"/>
      <line num="154" count="0" type="cond" truecount="0" falsecount="2"/>
      <line num="155" count="0" type="stmt"/>
      <line num="156" count="0" type="cond" truecount="0" falsecount="2"/>
      <line num="157" count="0" type="stmt"/>
      <line num="158" count="0" type="cond" truecount="0" falsecount="2"/>
      <line num="159" count="0" type="stmt"/>
      <line num="160" count="0" type="cond" truecount="0" falsecount="3"/>
      <line num="161" count="0" type="stmt"/>
      <line num="169" count="2" type="cond" truecount="0" falsecount="1"/>
      <line num="170" count="0" type="stmt"/>
      <line num="173" count="2" type="cond" truecount="0" falsecount="1"/>
      <line num="174" count="0" type="stmt"/>
      <line num="177" count="2" type="cond" truecount="0" falsecount="1"/>
      <line num="178" count="0" type="stmt"/>
      <line num="181" count="2" type="cond" truecount="0" falsecount="1"/>
      <line num="182" count="0" type="stmt"/>
      <line num="185" count="2" type="cond" truecount="0" falsecount="1"/>
      <line num="186" count="0" type="stmt"/>
      <line num="189" count="2" type="cond" truecount="0" falsecount="1"/>
      <line num="190" count="0" type="stmt"/>
      <line num="193" count="2" type="stmt"/>
      <line num="206" count="0" type="stmt"/>
      <line num="209" count="0" type="stmt"/>
      <line num="210" count="0" type="cond" truecount="0" falsecount="2"/>
      <line num="216" count="0" type="stmt"/>
      <line num="223" count="0" type="stmt"/>
      <line num="231" count="0" type="cond" truecount="0" falsecount="1"/>
      <line num="232" count="0" type="stmt"/>
      <line num="233" count="0" type="stmt"/>
      <line num="242" count="0" type="stmt"/>
      <line num="243" count="0" type="stmt"/>
      <line num="245" count="0" type="cond" truecount="0" falsecount="1"/>
      <line num="246" count="0" type="stmt"/>
      <line num="249" count="0" type="stmt"/>
      <line num="252" count="0" type="cond" truecount="0" falsecount="1"/>
      <line num="253" count="0" type="stmt"/>
      <line num="260" count="0" type="cond" truecount="0" falsecount="1"/>
      <line num="261" count="0" type="stmt"/>
      <line num="262" count="0" type="stmt"/>
      <line num="272" count="0" type="cond" truecount="0" falsecount="1"/>
      <line num="273" count="0" type="stmt"/>
      <line num="276" count="0" type="stmt"/>
      <line num="277" count="0" type="cond" truecount="0" falsecount="2"/>
      <line num="279" count="0" type="stmt"/>
      <line num="295" count="0" type="cond" truecount="0" falsecount="2"/>
      <line num="320" count="0" type="stmt"/>
      <line num="322" count="0" type="stmt"/>
      <line num="328" count="0" type="stmt"/>
      <line num="329" count="0" type="cond" truecount="0" falsecount="2"/>
      <line num="335" count="0" type="stmt"/>
      <line num="342" count="0" type="stmt"/>
      <line num="350" count="0" type="cond" truecount="0" falsecount="3"/>
      <line num="351" count="0" type="stmt"/>
      <line num="352" count="0" type="stmt"/>
      <line num="361" count="0" type="stmt"/>
      <line num="362" count="0" type="stmt"/>
      <line num="368" count="0" type="stmt"/>
      <line num="369" count="0" type="stmt"/>
      <line num="371" count="0" type="cond" truecount="0" falsecount="1"/>
      <line num="372" count="0" type="stmt"/>
      <line num="377" count="0" type="stmt"/>
      <line num="378" count="0" type="stmt"/>
      <line num="380" count="0" type="stmt"/>
      <line num="381" count="0" type="stmt"/>
      <line num="382" count="0" type="cond" truecount="0" falsecount="3"/>
      <line num="384" count="0" type="cond" truecount="0" falsecount="1"/>
      <line num="385" count="0" type="stmt"/>
      <line num="386" count="0" type="stmt"/>
      <line num="387" count="0" type="stmt"/>
      <line num="388" count="0" type="stmt"/>
      <line num="390" count="0" type="cond" truecount="0" falsecount="1"/>
      <line num="393" count="0" type="cond" truecount="0" falsecount="1"/>
      <line num="394" count="0" type="stmt"/>
      <line num="402" count="0" type="cond" truecount="0" falsecount="1"/>
      <line num="403" count="0" type="stmt"/>
      <line num="404" count="0" type="cond" truecount="0" falsecount="1"/>
      <line num="406" count="0" type="stmt"/>
      <line num="413" count="0" type="cond" truecount="0" falsecount="1"/>
      <line num="415" count="0" type="stmt"/>
      <line num="425" count="0" type="cond" truecount="0" falsecount="1"/>
      <line num="426" count="0" type="stmt"/>
      <line num="428" count="0" type="cond" truecount="0" falsecount="1"/>
      <line num="429" count="0" type="stmt"/>
      <line num="439" count="0" type="cond" truecount="0" falsecount="2"/>
      <line num="440" count="0" type="stmt"/>
      <line num="441" count="0" type="stmt"/>
      <line num="448" count="0" type="stmt"/>
      <line num="456" count="0" type="stmt"/>
    </file>
    <file name="digitalocean-provider.ts" path="/home/runner/work/digitalocean-ai-provider/digitalocean-ai-provider/src/digitalocean-provider.ts">
      <metrics statements="23" coveredstatements="19" conditionals="8" coveredconditionals="6" methods="7" coveredmethods="3"/>
      <line num="1" count="2" type="stmt"/>
      <line num="6" count="2" type="stmt"/>
      <line num="11" count="2" type="stmt"/>
      <line num="68" count="2" type="stmt"/>
      <line num="71" count="11" type="stmt"/>
      <line num="81" count="11" type="stmt"/>
      <line num="85" count="17" type="cond" truecount="0" falsecount="1"/>
      <line num="86" count="0" type="stmt"/>
      <line num="92" count="17" type="cond" truecount="3" falsecount="0"/>
      <line num="93" count="1" type="stmt"/>
      <line num="100" count="16" type="cond" truecount="1" falsecount="1"/>
      <line num="104" count="16" type="stmt"/>
      <line num="109" count="0" type="stmt"/>
      <line num="116" count="11" type="stmt"/>
      <line num="120" count="17" type="stmt"/>
      <line num="123" count="11" type="stmt"/>
      <line num="124" count="11" type="stmt"/>
      <line num="127" count="11" type="stmt"/>
      <line num="128" count="0" type="stmt"/>
      <line num="135" count="11" type="stmt"/>
      <line num="136" count="0" type="stmt"/>
      <line num="143" count="11" type="stmt"/>
      <line num="149" count="2" type="stmt"/>
    </file>
    <file name="digitalocean-settings.ts" path="/home/runner/work/digitalocean-ai-provider/digitalocean-ai-provider/src/digitalocean-settings.ts">
      <metrics statements="2" coveredstatements="0" conditionals="0" coveredconditionals="0" methods="0" coveredmethods="0"/>
      <line num="1" count="0" type="stmt"/>
      <line num="24" count="0" type="stmt"/>
    </file>
    <file name="index.ts" path="/home/runner/work/digitalocean-ai-provider/digitalocean-ai-provider/src/index.ts">
      <metrics statements="3" coveredstatements="3" conditionals="0" coveredconditionals="0" methods="2" coveredmethods="2"/>
      <line num="1" count="2" type="stmt"/>
      <line num="2" count="11" type="stmt"/>
      <line num="3" count="10" type="stmt"/>
    </file>
    <file name="message-converter.ts" path="/home/runner/work/digitalocean-ai-provider/digitalocean-ai-provider/src/message-converter.ts">
      <metrics statements="54" coveredstatements="30" conditionals="30" coveredconditionals="9" methods="1" coveredmethods="1"/>
      <line num="1" count="3" type="stmt"/>
      <line num="11" count="3" type="stmt"/>
      <line num="14" count="8" type="stmt"/>
      <line num="16" count="8" type="stmt"/>
      <line num="17" count="9" type="cond" truecount="3" falsecount="2"/>
      <line num="19" count="1" type="stmt"/>
      <line num="23" count="1" type="stmt"/>
      <line num="27" count="7" type="stmt"/>
      <line num="29" count="7" type="stmt"/>
      <line num="30" count="8" type="cond" truecount="2" falsecount="1"/>
      <line num="32" count="7" type="stmt"/>
      <line num="33" count="7" type="stmt"/>
      <line num="38" count="1" type="stmt"/>
      <line num="42" count="0" type="stmt"/>
      <line num="43" count="0" type="cond" truecount="0" falsecount="2"/>
      <line num="44" count="0" type="cond" truecount="0" falsecount="2"/>
      <line num="45" count="0" type="stmt"/>
      <line num="46" count="0" type="cond" truecount="0" falsecount="2"/>
      <line num="47" count="0" type="stmt"/>
      <line num="49" count="0" type="stmt"/>
      <line num="53" count="0" type="stmt"/>
      <line num="55" count="0" type="stmt"/>
      <line num="59" count="7" type="stmt"/>
      <line num="63" count="7" type="stmt"/>
      <line num="67" count="1" type="stmt"/>
      <line num="68" count="1" type="stmt"/>
      <line num="70" count="1" type="stmt"/>
      <line num="71" count="1" type="cond" truecount="1" falsecount="2"/>
      <line num="73" count="1" type="stmt"/>
      <line num="74" count="1" type="stmt"/>
      <line num="78" count="0" type="stmt"/>
      <line num="79" count="0" type="stmt"/>
      <line num="87" count="0" type="stmt"/>
      <line num="91" count="0" type="stmt"/>
      <line num="95" count="1" type="stmt"/>
      <line num="99" count="1" type="stmt"/>
      <line num="100" count="1" type="cond" truecount="1" falsecount="0"/>
      <line num="101" count="1" type="stmt"/>
      <line num="104" count="1" type="cond" truecount="0" falsecount="1"/>
      <line num="105" count="0" type="stmt"/>
      <line num="109" count="1" type="cond" truecount="2" falsecount="1"/>
      <line num="110" count="1" type="stmt"/>
      <line num="112" count="1" type="stmt"/>
      <line num="117" count="0" type="stmt"/>
      <line num="120" count="0" type="stmt"/>
      <line num="121" count="0" type="cond" truecount="0" falsecount="1"/>
      <line num="122" count="0" type="stmt"/>
      <line num="123" count="0" type="cond" truecount="0" falsecount="1"/>
      <line num="124" count="0" type="stmt"/>
      <line num="125" count="0" type="stmt"/>
      <line num="130" count="0" type="stmt"/>
      <line num="136" count="0" type="stmt"/>
      <line num="139" count="0" type="stmt"/>
      <line num="145" count="8" type="stmt"/>
    </file>
  </project>
</coverage>
