{"/home/runner/work/digitalocean-ai-provider/digitalocean-ai-provider/src/digitalocean-error-new.ts": {"path":"/home/runner/work/digitalocean-ai-provider/digitalocean-ai-provider/src/digitalocean-error-new.ts","statementMap":{"0":{"start":{"line":20,"column":0},"end":{"line":20,"column":16}},"1":{"start":{"line":107,"column":0},"end":{"line":107,"column":7}},"2":{"start":{"line":1,"column":0},"end":{"line":1,"column":24}},"3":{"start":{"line":2,"column":0},"end":{"line":2,"column":48}},"4":{"start":{"line":7,"column":13},"end":{"line":13,"column":3}},"5":{"start":{"line":26,"column":17},"end":{"line":26,"column":32}},"6":{"start":{"line":27,"column":21},"end":{"line":27,"column":78}},"7":{"start":{"line":28,"column":50},"end":{"line":28,"column":52}},"8":{"start":{"line":29,"column":2},"end":{"line":31,"column":5}},"9":{"start":{"line":30,"column":4},"end":{"line":30,"column":33}},"10":{"start":{"line":33,"column":14},"end":{"line":33,"column":24}},"11":{"start":{"line":34,"column":28},"end":{"line":34,"column":45}},"12":{"start":{"line":36,"column":2},"end":{"line":46,"column":3}},"13":{"start":{"line":37,"column":4},"end":{"line":45,"column":7}},"14":{"start":{"line":48,"column":2},"end":{"line":57,"column":3}},"15":{"start":{"line":49,"column":4},"end":{"line":56,"column":7}},"16":{"start":{"line":59,"column":2},"end":{"line":68,"column":3}},"17":{"start":{"line":60,"column":4},"end":{"line":67,"column":7}},"18":{"start":{"line":70,"column":2},"end":{"line":79,"column":3}},"19":{"start":{"line":71,"column":4},"end":{"line":78,"column":7}},"20":{"start":{"line":81,"column":2},"end":{"line":91,"column":3}},"21":{"start":{"line":82,"column":4},"end":{"line":90,"column":7}},"22":{"start":{"line":94,"column":2},"end":{"line":101,"column":5}},"23":{"start":{"line":113,"column":2},"end":{"line":124,"column":3}},"24":{"start":{"line":114,"column":17},"end":{"line":114,"column":38}},"25":{"start":{"line":115,"column":22},"end":{"line":115,"column":61}},"26":{"start":{"line":116,"column":4},"end":{"line":121,"column":6}},"27":{"start":{"line":123,"column":4},"end":{"line":123,"column":70}},"28":{"start":{"line":125,"column":2},"end":{"line":125,"column":59}}},"fnMap":{"0":{"name":"handleDigitalOceanError","decl":{"start":{"line":20,"column":16},"end":{"line":20,"column":39}},"loc":{"start":{"line":24,"column":23},"end":{"line":102,"column":1}}},"1":{"name":"(anonymous_1)","decl":{"start":{"line":29,"column":27},"end":{"line":29,"column":28}},"loc":{"start":{"line":29,"column":42},"end":{"line":31,"column":3}}},"2":{"name":"handleDigitalOceanErrorResponse","decl":{"start":{"line":107,"column":22},"end":{"line":107,"column":53}},"loc":{"start":{"line":111,"column":23},"end":{"line":126,"column":1}}}},"branchMap":{"0":{"loc":{"start":{"line":27,"column":21},"end":{"line":27,"column":78}},"type":"cond-expr","locations":[{"start":{"line":27,"column":46},"end":{"line":27,"column":51}},{"start":{"line":27,"column":54},"end":{"line":27,"column":78}}]},"1":{"loc":{"start":{"line":34,"column":28},"end":{"line":34,"column":45}},"type":"binary-expr","locations":[{"start":{"line":34,"column":28},"end":{"line":34,"column":39}},{"start":{"line":34,"column":43},"end":{"line":34,"column":45}}]},"2":{"loc":{"start":{"line":36,"column":2},"end":{"line":46,"column":3}},"type":"if","locations":[{"start":{"line":36,"column":2},"end":{"line":46,"column":3}}]},"3":{"loc":{"start":{"line":48,"column":2},"end":{"line":57,"column":3}},"type":"if","locations":[{"start":{"line":48,"column":2},"end":{"line":57,"column":3}}]},"4":{"loc":{"start":{"line":59,"column":2},"end":{"line":68,"column":3}},"type":"if","locations":[{"start":{"line":59,"column":2},"end":{"line":68,"column":3}}]},"5":{"loc":{"start":{"line":70,"column":2},"end":{"line":79,"column":3}},"type":"if","locations":[{"start":{"line":70,"column":2},"end":{"line":79,"column":3}}]},"6":{"loc":{"start":{"line":81,"column":2},"end":{"line":91,"column":3}},"type":"if","locations":[{"start":{"line":81,"column":2},"end":{"line":91,"column":3}}]},"7":{"loc":{"start":{"line":95,"column":13},"end":{"line":95,"column":51}},"type":"binary-expr","locations":[{"start":{"line":95,"column":13},"end":{"line":95,"column":32}},{"start":{"line":95,"column":36},"end":{"line":95,"column":51}}]}},"s":{"0":0,"1":0,"2":0,"3":0,"4":0,"5":0,"6":0,"7":0,"8":0,"9":0,"10":0,"11":0,"12":0,"13":0,"14":0,"15":0,"16":0,"17":0,"18":0,"19":0,"20":0,"21":0,"22":0,"23":0,"24":0,"25":0,"26":0,"27":0,"28":0},"f":{"0":0,"1":0,"2":0},"b":{"0":[0,0],"1":[0,0],"2":[0],"3":[0],"4":[0],"5":[0],"6":[0],"7":[0,0]}}
,"/home/runner/work/digitalocean-ai-provider/digitalocean-ai-provider/src/digitalocean-error.ts": {"path":"/home/runner/work/digitalocean-ai-provider/digitalocean-ai-provider/src/digitalocean-error.ts","statementMap":{"0":{"start":{"line":20,"column":0},"end":{"line":20,"column":16}},"1":{"start":{"line":107,"column":0},"end":{"line":107,"column":7}},"2":{"start":{"line":1,"column":0},"end":{"line":1,"column":24}},"3":{"start":{"line":2,"column":0},"end":{"line":2,"column":48}},"4":{"start":{"line":7,"column":13},"end":{"line":13,"column":3}},"5":{"start":{"line":26,"column":17},"end":{"line":26,"column":32}},"6":{"start":{"line":27,"column":21},"end":{"line":27,"column":78}},"7":{"start":{"line":28,"column":50},"end":{"line":28,"column":52}},"8":{"start":{"line":29,"column":2},"end":{"line":31,"column":5}},"9":{"start":{"line":30,"column":4},"end":{"line":30,"column":33}},"10":{"start":{"line":33,"column":14},"end":{"line":33,"column":24}},"11":{"start":{"line":34,"column":28},"end":{"line":34,"column":45}},"12":{"start":{"line":36,"column":2},"end":{"line":46,"column":3}},"13":{"start":{"line":37,"column":4},"end":{"line":45,"column":7}},"14":{"start":{"line":48,"column":2},"end":{"line":57,"column":3}},"15":{"start":{"line":49,"column":4},"end":{"line":56,"column":7}},"16":{"start":{"line":59,"column":2},"end":{"line":68,"column":3}},"17":{"start":{"line":60,"column":4},"end":{"line":67,"column":7}},"18":{"start":{"line":70,"column":2},"end":{"line":79,"column":3}},"19":{"start":{"line":71,"column":4},"end":{"line":78,"column":7}},"20":{"start":{"line":81,"column":2},"end":{"line":91,"column":3}},"21":{"start":{"line":82,"column":4},"end":{"line":90,"column":7}},"22":{"start":{"line":94,"column":2},"end":{"line":101,"column":5}},"23":{"start":{"line":113,"column":2},"end":{"line":124,"column":3}},"24":{"start":{"line":114,"column":17},"end":{"line":114,"column":38}},"25":{"start":{"line":115,"column":22},"end":{"line":115,"column":61}},"26":{"start":{"line":116,"column":4},"end":{"line":121,"column":6}},"27":{"start":{"line":123,"column":4},"end":{"line":123,"column":70}},"28":{"start":{"line":125,"column":2},"end":{"line":125,"column":59}}},"fnMap":{"0":{"name":"handleDigitalOceanError","decl":{"start":{"line":20,"column":16},"end":{"line":20,"column":39}},"loc":{"start":{"line":24,"column":23},"end":{"line":102,"column":1}}},"1":{"name":"(anonymous_1)","decl":{"start":{"line":29,"column":27},"end":{"line":29,"column":28}},"loc":{"start":{"line":29,"column":42},"end":{"line":31,"column":3}}},"2":{"name":"handleDigitalOceanErrorResponse","decl":{"start":{"line":107,"column":22},"end":{"line":107,"column":53}},"loc":{"start":{"line":111,"column":23},"end":{"line":126,"column":1}}}},"branchMap":{"0":{"loc":{"start":{"line":27,"column":21},"end":{"line":27,"column":78}},"type":"cond-expr","locations":[{"start":{"line":27,"column":46},"end":{"line":27,"column":51}},{"start":{"line":27,"column":54},"end":{"line":27,"column":78}}]},"1":{"loc":{"start":{"line":34,"column":28},"end":{"line":34,"column":45}},"type":"binary-expr","locations":[{"start":{"line":34,"column":28},"end":{"line":34,"column":39}},{"start":{"line":34,"column":43},"end":{"line":34,"column":45}}]},"2":{"loc":{"start":{"line":36,"column":2},"end":{"line":46,"column":3}},"type":"if","locations":[{"start":{"line":36,"column":2},"end":{"line":46,"column":3}}]},"3":{"loc":{"start":{"line":48,"column":2},"end":{"line":57,"column":3}},"type":"if","locations":[{"start":{"line":48,"column":2},"end":{"line":57,"column":3}}]},"4":{"loc":{"start":{"line":59,"column":2},"end":{"line":68,"column":3}},"type":"if","locations":[{"start":{"line":59,"column":2},"end":{"line":68,"column":3}}]},"5":{"loc":{"start":{"line":70,"column":2},"end":{"line":79,"column":3}},"type":"if","locations":[{"start":{"line":70,"column":2},"end":{"line":79,"column":3}}]},"6":{"loc":{"start":{"line":81,"column":2},"end":{"line":91,"column":3}},"type":"if","locations":[{"start":{"line":81,"column":2},"end":{"line":91,"column":3}}]},"7":{"loc":{"start":{"line":95,"column":13},"end":{"line":95,"column":51}},"type":"binary-expr","locations":[{"start":{"line":95,"column":13},"end":{"line":95,"column":32}},{"start":{"line":95,"column":36},"end":{"line":95,"column":51}}]}},"s":{"0":0,"1":0,"2":0,"3":0,"4":0,"5":0,"6":0,"7":0,"8":0,"9":0,"10":0,"11":0,"12":0,"13":0,"14":0,"15":0,"16":0,"17":0,"18":0,"19":0,"20":0,"21":0,"22":0,"23":0,"24":0,"25":0,"26":0,"27":0,"28":0},"f":{"0":0,"1":0,"2":0},"b":{"0":[0,0],"1":[0,0],"2":[0],"3":[0],"4":[0],"5":[0],"6":[0],"7":[0,0]}}
,"/home/runner/work/digitalocean-ai-provider/digitalocean-ai-provider/src/digitalocean-language-model-new.ts": {"path":"/home/runner/work/digitalocean-ai-provider/digitalocean-ai-provider/src/digitalocean-language-model-new.ts","statementMap":{"0":{"start":{"line":1,"column":0},"end":{"line":1,"column":null}},"1":{"start":{"line":11,"column":0},"end":{"line":11,"column":null}},"2":{"start":{"line":18,"column":0},"end":{"line":18,"column":24}},"3":{"start":{"line":28,"column":0},"end":{"line":28,"column":68}},"4":{"start":{"line":31,"column":35},"end":{"line":31,"column":42}},"5":{"start":{"line":32,"column":33},"end":{"line":32,"column":40}},"6":{"start":{"line":35,"column":18},"end":{"line":35,"column":55}},"7":{"start":{"line":47,"column":4},"end":{"line":47,"column":27}},"8":{"start":{"line":48,"column":4},"end":{"line":48,"column":29}},"9":{"start":{"line":49,"column":4},"end":{"line":49,"column":25}},"10":{"start":{"line":50,"column":4},"end":{"line":50,"column":36}},"11":{"start":{"line":54,"column":4},"end":{"line":54,"column":14}},"12":{"start":{"line":58,"column":4},"end":{"line":63,"column":5}},"13":{"start":{"line":59,"column":19},"end":{"line":59,"column":33}},"14":{"start":{"line":60,"column":21},"end":{"line":60,"column":37}},"15":{"start":{"line":61,"column":29},"end":{"line":61,"column":53}},"16":{"start":{"line":62,"column":15},"end":{"line":62,"column":32}},"17":{"start":{"line":70,"column":51},"end":{"line":70,"column":53}},"18":{"start":{"line":71,"column":21},"end":{"line":71,"column":72}},"19":{"start":{"line":74,"column":4},"end":{"line":80,"column":5}},"20":{"start":{"line":75,"column":6},"end":{"line":79,"column":39}},"21":{"start":{"line":82,"column":4},"end":{"line":87,"column":5}},"22":{"start":{"line":83,"column":6},"end":{"line":86,"column":39}},"23":{"start":{"line":90,"column":52},"end":{"line":96,"column":6}},"24":{"start":{"line":99,"column":4},"end":{"line":101,"column":5}},"25":{"start":{"line":100,"column":6},"end":{"line":100,"column":48}},"26":{"start":{"line":103,"column":4},"end":{"line":105,"column":5}},"27":{"start":{"line":104,"column":6},"end":{"line":104,"column":45}},"28":{"start":{"line":107,"column":4},"end":{"line":109,"column":5}},"29":{"start":{"line":108,"column":6},"end":{"line":108,"column":32}},"30":{"start":{"line":111,"column":4},"end":{"line":113,"column":5}},"31":{"start":{"line":112,"column":6},"end":{"line":112,"column":56}},"32":{"start":{"line":115,"column":4},"end":{"line":117,"column":5}},"33":{"start":{"line":116,"column":6},"end":{"line":116,"column":54}},"34":{"start":{"line":119,"column":4},"end":{"line":121,"column":5}},"35":{"start":{"line":120,"column":6},"end":{"line":120,"column":40}},"36":{"start":{"line":123,"column":4},"end":{"line":123,"column":30}},"37":{"start":{"line":136,"column":31},"end":{"line":136,"column":52}},"38":{"start":{"line":139,"column":4},"end":{"line":159,"column":5}},"39":{"start":{"line":140,"column":6},"end":{"line":151,"column":8}},"40":{"start":{"line":146,"column":37},"end":{"line":146,"column":56}},"41":{"start":{"line":153,"column":6},"end":{"line":158,"column":9}},"42":{"start":{"line":161,"column":4},"end":{"line":170,"column":5}},"43":{"start":{"line":162,"column":24},"end":{"line":162,"column":74}},"44":{"start":{"line":162,"column":58},"end":{"line":162,"column":73}},"45":{"start":{"line":163,"column":6},"end":{"line":169,"column":9}},"46":{"start":{"line":172,"column":25},"end":{"line":172,"column":46}},"47":{"start":{"line":173,"column":24},"end":{"line":173,"column":49}},"48":{"start":{"line":175,"column":4},"end":{"line":177,"column":5}},"49":{"start":{"line":176,"column":6},"end":{"line":176,"column":70}},"50":{"start":{"line":179,"column":46},"end":{"line":182,"column":6}},"51":{"start":{"line":184,"column":22},"end":{"line":184,"column":51}},"52":{"start":{"line":185,"column":18},"end":{"line":185,"column":99}},"53":{"start":{"line":187,"column":4},"end":{"line":218,"column":6}},"54":{"start":{"line":203,"column":78},"end":{"line":210,"column":12}},"55":{"start":{"line":227,"column":31},"end":{"line":227,"column":52}},"56":{"start":{"line":229,"column":61},"end":{"line":232,"column":6}},"57":{"start":{"line":235,"column":4},"end":{"line":255,"column":5}},"58":{"start":{"line":236,"column":6},"end":{"line":247,"column":8}},"59":{"start":{"line":242,"column":37},"end":{"line":242,"column":56}},"60":{"start":{"line":249,"column":6},"end":{"line":254,"column":9}},"61":{"start":{"line":257,"column":4},"end":{"line":266,"column":5}},"62":{"start":{"line":258,"column":24},"end":{"line":258,"column":74}},"63":{"start":{"line":258,"column":58},"end":{"line":258,"column":73}},"64":{"start":{"line":259,"column":6},"end":{"line":265,"column":9}},"65":{"start":{"line":268,"column":52},"end":{"line":268,"column":61}},"66":{"start":{"line":269,"column":38},"end":{"line":273,"column":6}},"67":{"start":{"line":275,"column":20},"end":{"line":275,"column":37}},"68":{"start":{"line":276,"column":28},"end":{"line":333,"column":6}},"69":{"start":{"line":278,"column":8},"end":{"line":280,"column":9}},"70":{"start":{"line":279,"column":10},"end":{"line":279,"column":65}},"71":{"start":{"line":284,"column":21},"end":{"line":284,"column":60}},"72":{"start":{"line":285,"column":22},"end":{"line":285,"column":38}},"73":{"start":{"line":287,"column":8},"end":{"line":323,"column":9}},"74":{"start":{"line":288,"column":30},"end":{"line":288,"column":41}},"75":{"start":{"line":289,"column":10},"end":{"line":289,"column":71}},"76":{"start":{"line":289,"column":62},"end":{"line":289,"column":71}},"77":{"start":{"line":291,"column":10},"end":{"line":322,"column":11}},"78":{"start":{"line":292,"column":12},"end":{"line":321,"column":13}},"79":{"start":{"line":293,"column":31},"end":{"line":293,"column":63}},"80":{"start":{"line":294,"column":29},"end":{"line":294,"column":50}},"81":{"start":{"line":296,"column":14},"end":{"line":296,"column":36}},"82":{"start":{"line":296,"column":27},"end":{"line":296,"column":36}},"83":{"start":{"line":299,"column":14},"end":{"line":305,"column":15}},"84":{"start":{"line":300,"column":16},"end":{"line":304,"column":19}},"85":{"start":{"line":308,"column":14},"end":{"line":318,"column":15}},"86":{"start":{"line":309,"column":16},"end":{"line":309,"column":74}},"87":{"start":{"line":311,"column":16},"end":{"line":317,"column":17}},"88":{"start":{"line":312,"column":18},"end":{"line":316,"column":20}},"89":{"start":{"line":320,"column":14},"end":{"line":320,"column":75}},"90":{"start":{"line":327,"column":8},"end":{"line":331,"column":11}},"91":{"start":{"line":335,"column":4},"end":{"line":338,"column":6}},"92":{"start":{"line":34,"column":0},"end":{"line":34,"column":13}}},"fnMap":{"0":{"name":"(anonymous_0)","decl":{"start":{"line":42,"column":2},"end":{"line":42,"column":null}},"loc":{"start":{"line":45,"column":30},"end":{"line":51,"column":3}}},"1":{"name":"(anonymous_1)","decl":{"start":{"line":53,"column":2},"end":{"line":53,"column":6}},"loc":{"start":{"line":53,"column":19},"end":{"line":55,"column":3}}},"2":{"name":"(anonymous_2)","decl":{"start":{"line":57,"column":10},"end":{"line":57,"column":25}},"loc":{"start":{"line":57,"column":53},"end":{"line":64,"column":3}}},"3":{"name":"(anonymous_3)","decl":{"start":{"line":66,"column":10},"end":{"line":66,"column":17}},"loc":{"start":{"line":66,"column":53},"end":{"line":124,"column":3}}},"4":{"name":"(anonymous_4)","decl":{"start":{"line":126,"column":9},"end":{"line":126,"column":14}},"loc":{"start":{"line":127,"column":39},"end":{"line":219,"column":3}}},"5":{"name":"(anonymous_5)","decl":{"start":{"line":146,"column":22},"end":{"line":146,"column":23}},"loc":{"start":{"line":146,"column":37},"end":{"line":146,"column":56}}},"6":{"name":"(anonymous_6)","decl":{"start":{"line":162,"column":52},"end":{"line":162,"column":55}},"loc":{"start":{"line":162,"column":58},"end":{"line":162,"column":73}}},"7":{"name":"(anonymous_7)","decl":{"start":{"line":203,"column":45},"end":{"line":203,"column":46}},"loc":{"start":{"line":203,"column":78},"end":{"line":210,"column":12}}},"8":{"name":"(anonymous_8)","decl":{"start":{"line":221,"column":9},"end":{"line":221,"column":14}},"loc":{"start":{"line":222,"column":39},"end":{"line":339,"column":3}}},"9":{"name":"(anonymous_9)","decl":{"start":{"line":242,"column":22},"end":{"line":242,"column":23}},"loc":{"start":{"line":242,"column":37},"end":{"line":242,"column":56}}},"10":{"name":"(anonymous_10)","decl":{"start":{"line":258,"column":52},"end":{"line":258,"column":55}},"loc":{"start":{"line":258,"column":58},"end":{"line":258,"column":73}}},"11":{"name":"(anonymous_11)","decl":{"start":{"line":277,"column":13},"end":{"line":277,"column":14}},"loc":{"start":{"line":277,"column":28},"end":{"line":281,"column":7}}},"12":{"name":"(anonymous_12)","decl":{"start":{"line":283,"column":17},"end":{"line":283,"column":18}},"loc":{"start":{"line":283,"column":39},"end":{"line":324,"column":7}}},"13":{"name":"(anonymous_13)","decl":{"start":{"line":326,"column":13},"end":{"line":326,"column":14}},"loc":{"start":{"line":326,"column":28},"end":{"line":332,"column":7}}}},"branchMap":{"0":{"loc":{"start":{"line":58,"column":4},"end":{"line":63,"column":5}},"type":"switch","locations":[{"start":{"line":59,"column":6},"end":{"line":59,"column":33}},{"start":{"line":60,"column":6},"end":{"line":60,"column":37}},{"start":{"line":61,"column":6},"end":{"line":61,"column":53}},{"start":{"line":62,"column":6},"end":{"line":62,"column":32}}]},"1":{"loc":{"start":{"line":71,"column":51},"end":{"line":71,"column":71}},"type":"binary-expr","locations":[{"start":{"line":71,"column":51},"end":{"line":71,"column":65}},{"start":{"line":71,"column":69},"end":{"line":71,"column":71}}]},"2":{"loc":{"start":{"line":74,"column":4},"end":{"line":80,"column":5}},"type":"if","locations":[{"start":{"line":74,"column":4},"end":{"line":80,"column":5}}]},"3":{"loc":{"start":{"line":82,"column":4},"end":{"line":87,"column":5}},"type":"if","locations":[{"start":{"line":82,"column":4},"end":{"line":87,"column":5}}]},"4":{"loc":{"start":{"line":93,"column":30},"end":{"line":93,"column":73}},"type":"binary-expr","locations":[{"start":{"line":93,"column":30},"end":{"line":93,"column":64}},{"start":{"line":93,"column":68},"end":{"line":93,"column":73}}]},"5":{"loc":{"start":{"line":94,"column":30},"end":{"line":94,"column":73}},"type":"binary-expr","locations":[{"start":{"line":94,"column":30},"end":{"line":94,"column":64}},{"start":{"line":94,"column":68},"end":{"line":94,"column":73}}]},"6":{"loc":{"start":{"line":95,"column":31},"end":{"line":95,"column":75}},"type":"binary-expr","locations":[{"start":{"line":95,"column":31},"end":{"line":95,"column":66}},{"start":{"line":95,"column":70},"end":{"line":95,"column":75}}]},"7":{"loc":{"start":{"line":99,"column":4},"end":{"line":101,"column":5}},"type":"if","locations":[{"start":{"line":99,"column":4},"end":{"line":101,"column":5}}]},"8":{"loc":{"start":{"line":103,"column":4},"end":{"line":105,"column":5}},"type":"if","locations":[{"start":{"line":103,"column":4},"end":{"line":105,"column":5}}]},"9":{"loc":{"start":{"line":107,"column":4},"end":{"line":109,"column":5}},"type":"if","locations":[{"start":{"line":107,"column":4},"end":{"line":109,"column":5}}]},"10":{"loc":{"start":{"line":111,"column":4},"end":{"line":113,"column":5}},"type":"if","locations":[{"start":{"line":111,"column":4},"end":{"line":113,"column":5}}]},"11":{"loc":{"start":{"line":115,"column":4},"end":{"line":117,"column":5}},"type":"if","locations":[{"start":{"line":115,"column":4},"end":{"line":117,"column":5}}]},"12":{"loc":{"start":{"line":119,"column":4},"end":{"line":121,"column":5}},"type":"if","locations":[{"start":{"line":119,"column":4},"end":{"line":121,"column":5}}]},"13":{"loc":{"start":{"line":140,"column":24},"end":{"line":140,"column":50}},"type":"binary-expr","locations":[{"start":{"line":140,"column":24},"end":{"line":140,"column":41}},{"start":{"line":140,"column":45},"end":{"line":140,"column":50}}]},"14":{"loc":{"start":{"line":145,"column":65},"end":{"line":145,"column":86}},"type":"binary-expr","locations":[{"start":{"line":145,"column":65},"end":{"line":145,"column":80}},{"start":{"line":145,"column":84},"end":{"line":145,"column":86}}]},"15":{"loc":{"start":{"line":157,"column":15},"end":{"line":157,"column":72}},"type":"cond-expr","locations":[{"start":{"line":157,"column":40},"end":{"line":157,"column":45}},{"start":{"line":157,"column":48},"end":{"line":157,"column":72}}]},"16":{"loc":{"start":{"line":161,"column":4},"end":{"line":170,"column":5}},"type":"if","locations":[{"start":{"line":161,"column":4},"end":{"line":170,"column":5}}]},"17":{"loc":{"start":{"line":175,"column":4},"end":{"line":177,"column":5}},"type":"if","locations":[{"start":{"line":175,"column":4},"end":{"line":177,"column":5}}]},"18":{"loc":{"start":{"line":185,"column":18},"end":{"line":185,"column":99}},"type":"binary-expr","locations":[{"start":{"line":185,"column":18},"end":{"line":185,"column":36}},{"start":{"line":185,"column":40},"end":{"line":185,"column":99}}]},"19":{"loc":{"start":{"line":189,"column":41},"end":{"line":189,"column":74}},"type":"binary-expr","locations":[{"start":{"line":189,"column":41},"end":{"line":189,"column":66}},{"start":{"line":189,"column":70},"end":{"line":189,"column":74}}]},"20":{"loc":{"start":{"line":203,"column":19},"end":{"line":210,"column":19}},"type":"binary-expr","locations":[{"start":{"line":203,"column":19},"end":{"line":210,"column":13}},{"start":{"line":210,"column":17},"end":{"line":210,"column":19}}]},"21":{"loc":{"start":{"line":236,"column":24},"end":{"line":236,"column":50}},"type":"binary-expr","locations":[{"start":{"line":236,"column":24},"end":{"line":236,"column":41}},{"start":{"line":236,"column":45},"end":{"line":236,"column":50}}]},"22":{"loc":{"start":{"line":241,"column":65},"end":{"line":241,"column":86}},"type":"binary-expr","locations":[{"start":{"line":241,"column":65},"end":{"line":241,"column":80}},{"start":{"line":241,"column":84},"end":{"line":241,"column":86}}]},"23":{"loc":{"start":{"line":253,"column":15},"end":{"line":253,"column":72}},"type":"cond-expr","locations":[{"start":{"line":253,"column":40},"end":{"line":253,"column":45}},{"start":{"line":253,"column":48},"end":{"line":253,"column":72}}]},"24":{"loc":{"start":{"line":257,"column":4},"end":{"line":266,"column":5}},"type":"if","locations":[{"start":{"line":257,"column":4},"end":{"line":266,"column":5}}]},"25":{"loc":{"start":{"line":257,"column":8},"end":{"line":257,"column":38}},"type":"binary-expr","locations":[{"start":{"line":257,"column":8},"end":{"line":257,"column":20}},{"start":{"line":257,"column":24},"end":{"line":257,"column":38}}]},"26":{"loc":{"start":{"line":278,"column":8},"end":{"line":280,"column":9}},"type":"if","locations":[{"start":{"line":278,"column":8},"end":{"line":280,"column":9}}]},"27":{"loc":{"start":{"line":289,"column":10},"end":{"line":289,"column":71}},"type":"if","locations":[{"start":{"line":289,"column":10},"end":{"line":289,"column":71}}]},"28":{"loc":{"start":{"line":289,"column":14},"end":{"line":289,"column":60}},"type":"binary-expr","locations":[{"start":{"line":289,"column":14},"end":{"line":289,"column":26}},{"start":{"line":289,"column":30},"end":{"line":289,"column":60}}]},"29":{"loc":{"start":{"line":291,"column":10},"end":{"line":322,"column":11}},"type":"if","locations":[{"start":{"line":291,"column":10},"end":{"line":322,"column":11}}]},"30":{"loc":{"start":{"line":296,"column":14},"end":{"line":296,"column":36}},"type":"if","locations":[{"start":{"line":296,"column":14},"end":{"line":296,"column":36}}]},"31":{"loc":{"start":{"line":299,"column":14},"end":{"line":305,"column":15}},"type":"if","locations":[{"start":{"line":299,"column":14},"end":{"line":305,"column":15}}]},"32":{"loc":{"start":{"line":308,"column":14},"end":{"line":318,"column":15}},"type":"if","locations":[{"start":{"line":308,"column":14},"end":{"line":318,"column":15}}]},"33":{"loc":{"start":{"line":311,"column":16},"end":{"line":317,"column":17}},"type":"if","locations":[{"start":{"line":311,"column":16},"end":{"line":317,"column":17}}]}},"s":{"0":0,"1":0,"2":0,"3":0,"4":0,"5":0,"6":0,"7":0,"8":0,"9":0,"10":0,"11":0,"12":0,"13":0,"14":0,"15":0,"16":0,"17":0,"18":0,"19":0,"20":0,"21":0,"22":0,"23":0,"24":0,"25":0,"26":0,"27":0,"28":0,"29":0,"30":0,"31":0,"32":0,"33":0,"34":0,"35":0,"36":0,"37":0,"38":0,"39":0,"40":0,"41":0,"42":0,"43":0,"44":0,"45":0,"46":0,"47":0,"48":0,"49":0,"50":0,"51":0,"52":0,"53":0,"54":0,"55":0,"56":0,"57":0,"58":0,"59":0,"60":0,"61":0,"62":0,"63":0,"64":0,"65":0,"66":0,"67":0,"68":0,"69":0,"70":0,"71":0,"72":0,"73":0,"74":0,"75":0,"76":0,"77":0,"78":0,"79":0,"80":0,"81":0,"82":0,"83":0,"84":0,"85":0,"86":0,"87":0,"88":0,"89":0,"90":0,"91":0,"92":0},"f":{"0":0,"1":0,"2":0,"3":0,"4":0,"5":0,"6":0,"7":0,"8":0,"9":0,"10":0,"11":0,"12":0,"13":0},"b":{"0":[0,0,0,0],"1":[0,0],"2":[0],"3":[0],"4":[0,0],"5":[0,0],"6":[0,0],"7":[0],"8":[0],"9":[0],"10":[0],"11":[0],"12":[0],"13":[0,0],"14":[0,0],"15":[0,0],"16":[0],"17":[0],"18":[0,0],"19":[0,0],"20":[0,0],"21":[0,0],"22":[0,0],"23":[0,0],"24":[0],"25":[0,0],"26":[0],"27":[0],"28":[0,0],"29":[0],"30":[0],"31":[0],"32":[0],"33":[0]}}
,"/home/runner/work/digitalocean-ai-provider/digitalocean-ai-provider/src/digitalocean-language-model.ts": {"path":"/home/runner/work/digitalocean-ai-provider/digitalocean-ai-provider/src/digitalocean-language-model.ts","statementMap":{"0":{"start":{"line":1,"column":0},"end":{"line":1,"column":null}},"1":{"start":{"line":11,"column":0},"end":{"line":11,"column":null}},"2":{"start":{"line":18,"column":0},"end":{"line":18,"column":24}},"3":{"start":{"line":29,"column":0},"end":{"line":29,"column":68}},"4":{"start":{"line":32,"column":35},"end":{"line":32,"column":42}},"5":{"start":{"line":33,"column":33},"end":{"line":33,"column":40}},"6":{"start":{"line":36,"column":18},"end":{"line":36,"column":55}},"7":{"start":{"line":48,"column":4},"end":{"line":48,"column":27}},"8":{"start":{"line":49,"column":4},"end":{"line":49,"column":29}},"9":{"start":{"line":50,"column":4},"end":{"line":50,"column":25}},"10":{"start":{"line":51,"column":4},"end":{"line":51,"column":36}},"11":{"start":{"line":55,"column":4},"end":{"line":55,"column":14}},"12":{"start":{"line":59,"column":4},"end":{"line":65,"column":5}},"13":{"start":{"line":60,"column":19},"end":{"line":60,"column":33}},"14":{"start":{"line":61,"column":21},"end":{"line":61,"column":37}},"15":{"start":{"line":62,"column":29},"end":{"line":62,"column":53}},"16":{"start":{"line":63,"column":25},"end":{"line":63,"column":45}},"17":{"start":{"line":64,"column":15},"end":{"line":64,"column":32}},"18":{"start":{"line":71,"column":4},"end":{"line":105,"column":5}},"19":{"start":{"line":72,"column":18},"end":{"line":72,"column":29}},"20":{"start":{"line":74,"column":6},"end":{"line":104,"column":7}},"21":{"start":{"line":75,"column":32},"end":{"line":75,"column":34}},"22":{"start":{"line":76,"column":35},"end":{"line":76,"column":37}},"23":{"start":{"line":78,"column":8},"end":{"line":85,"column":9}},"24":{"start":{"line":79,"column":30},"end":{"line":79,"column":42}},"25":{"start":{"line":80,"column":10},"end":{"line":80,"column":75}},"26":{"start":{"line":82,"column":10},"end":{"line":84,"column":11}},"27":{"start":{"line":83,"column":12},"end":{"line":83,"column":31}},"28":{"start":{"line":87,"column":8},"end":{"line":91,"column":10}},"29":{"start":{"line":92,"column":13},"end":{"line":104,"column":7}},"30":{"start":{"line":93,"column":8},"end":{"line":93,"column":64}},"31":{"start":{"line":94,"column":13},"end":{"line":104,"column":7}},"32":{"start":{"line":95,"column":8},"end":{"line":95,"column":64}},"33":{"start":{"line":96,"column":13},"end":{"line":104,"column":7}},"34":{"start":{"line":97,"column":8},"end":{"line":97,"column":65}},"35":{"start":{"line":98,"column":13},"end":{"line":104,"column":7}},"36":{"start":{"line":99,"column":8},"end":{"line":103,"column":10}},"37":{"start":{"line":108,"column":4},"end":{"line":108,"column":30}},"38":{"start":{"line":115,"column":51},"end":{"line":115,"column":53}},"39":{"start":{"line":116,"column":21},"end":{"line":116,"column":72}},"40":{"start":{"line":119,"column":52},"end":{"line":125,"column":6}},"41":{"start":{"line":128,"column":4},"end":{"line":149,"column":5}},"42":{"start":{"line":132,"column":11},"end":{"line":132,"column":13}},"43":{"start":{"line":134,"column":6},"end":{"line":147,"column":7}},"44":{"start":{"line":135,"column":25},"end":{"line":135,"column":36}},"45":{"start":{"line":136,"column":8},"end":{"line":146,"column":11}},"46":{"start":{"line":148,"column":6},"end":{"line":148,"column":25}},"47":{"start":{"line":152,"column":4},"end":{"line":166,"column":5}},"48":{"start":{"line":153,"column":25},"end":{"line":153,"column":50}},"49":{"start":{"line":154,"column":6},"end":{"line":165,"column":7}},"50":{"start":{"line":155,"column":8},"end":{"line":155,"column":34}},"51":{"start":{"line":156,"column":13},"end":{"line":165,"column":7}},"52":{"start":{"line":157,"column":8},"end":{"line":157,"column":34}},"53":{"start":{"line":158,"column":13},"end":{"line":165,"column":7}},"54":{"start":{"line":159,"column":8},"end":{"line":159,"column":38}},"55":{"start":{"line":160,"column":13},"end":{"line":165,"column":7}},"56":{"start":{"line":161,"column":8},"end":{"line":164,"column":10}},"57":{"start":{"line":169,"column":4},"end":{"line":171,"column":5}},"58":{"start":{"line":170,"column":6},"end":{"line":170,"column":48}},"59":{"start":{"line":173,"column":4},"end":{"line":175,"column":5}},"60":{"start":{"line":174,"column":6},"end":{"line":174,"column":45}},"61":{"start":{"line":177,"column":4},"end":{"line":179,"column":5}},"62":{"start":{"line":178,"column":6},"end":{"line":178,"column":32}},"63":{"start":{"line":181,"column":4},"end":{"line":183,"column":5}},"64":{"start":{"line":182,"column":6},"end":{"line":182,"column":56}},"65":{"start":{"line":185,"column":4},"end":{"line":187,"column":5}},"66":{"start":{"line":186,"column":6},"end":{"line":186,"column":54}},"67":{"start":{"line":189,"column":4},"end":{"line":191,"column":5}},"68":{"start":{"line":190,"column":6},"end":{"line":190,"column":40}},"69":{"start":{"line":193,"column":4},"end":{"line":193,"column":30}},"70":{"start":{"line":206,"column":31},"end":{"line":206,"column":52}},"71":{"start":{"line":209,"column":4},"end":{"line":229,"column":5}},"72":{"start":{"line":210,"column":6},"end":{"line":221,"column":8}},"73":{"start":{"line":216,"column":37},"end":{"line":216,"column":56}},"74":{"start":{"line":223,"column":6},"end":{"line":228,"column":9}},"75":{"start":{"line":231,"column":4},"end":{"line":240,"column":5}},"76":{"start":{"line":232,"column":24},"end":{"line":232,"column":74}},"77":{"start":{"line":232,"column":58},"end":{"line":232,"column":73}},"78":{"start":{"line":233,"column":6},"end":{"line":239,"column":9}},"79":{"start":{"line":242,"column":25},"end":{"line":242,"column":46}},"80":{"start":{"line":243,"column":24},"end":{"line":243,"column":49}},"81":{"start":{"line":245,"column":4},"end":{"line":247,"column":5}},"82":{"start":{"line":246,"column":6},"end":{"line":246,"column":70}},"83":{"start":{"line":249,"column":46},"end":{"line":249,"column":48}},"84":{"start":{"line":252,"column":4},"end":{"line":257,"column":5}},"85":{"start":{"line":253,"column":6},"end":{"line":256,"column":9}},"86":{"start":{"line":260,"column":4},"end":{"line":269,"column":5}},"87":{"start":{"line":261,"column":6},"end":{"line":268,"column":7}},"88":{"start":{"line":262,"column":8},"end":{"line":267,"column":11}},"89":{"start":{"line":272,"column":4},"end":{"line":274,"column":5}},"90":{"start":{"line":273,"column":6},"end":{"line":273,"column":84}},"91":{"start":{"line":276,"column":22},"end":{"line":276,"column":51}},"92":{"start":{"line":277,"column":18},"end":{"line":277,"column":99}},"93":{"start":{"line":279,"column":4},"end":{"line":311,"column":6}},"94":{"start":{"line":295,"column":78},"end":{"line":303,"column":12}},"95":{"start":{"line":320,"column":31},"end":{"line":320,"column":52}},"96":{"start":{"line":322,"column":61},"end":{"line":325,"column":6}},"97":{"start":{"line":328,"column":4},"end":{"line":348,"column":5}},"98":{"start":{"line":329,"column":6},"end":{"line":340,"column":8}},"99":{"start":{"line":335,"column":37},"end":{"line":335,"column":56}},"100":{"start":{"line":342,"column":6},"end":{"line":347,"column":9}},"101":{"start":{"line":350,"column":4},"end":{"line":359,"column":5}},"102":{"start":{"line":351,"column":24},"end":{"line":351,"column":74}},"103":{"start":{"line":351,"column":58},"end":{"line":351,"column":73}},"104":{"start":{"line":352,"column":6},"end":{"line":358,"column":9}},"105":{"start":{"line":361,"column":52},"end":{"line":361,"column":61}},"106":{"start":{"line":362,"column":38},"end":{"line":366,"column":6}},"107":{"start":{"line":368,"column":20},"end":{"line":368,"column":37}},"108":{"start":{"line":369,"column":28},"end":{"line":454,"column":6}},"109":{"start":{"line":371,"column":8},"end":{"line":373,"column":9}},"110":{"start":{"line":372,"column":10},"end":{"line":372,"column":65}},"111":{"start":{"line":377,"column":21},"end":{"line":377,"column":60}},"112":{"start":{"line":378,"column":22},"end":{"line":378,"column":38}},"113":{"start":{"line":380,"column":8},"end":{"line":444,"column":9}},"114":{"start":{"line":381,"column":30},"end":{"line":381,"column":41}},"115":{"start":{"line":382,"column":10},"end":{"line":382,"column":71}},"116":{"start":{"line":382,"column":62},"end":{"line":382,"column":71}},"117":{"start":{"line":384,"column":10},"end":{"line":443,"column":11}},"118":{"start":{"line":385,"column":31},"end":{"line":385,"column":51}},"119":{"start":{"line":386,"column":12},"end":{"line":442,"column":13}},"120":{"start":{"line":387,"column":31},"end":{"line":387,"column":53}},"121":{"start":{"line":388,"column":29},"end":{"line":388,"column":50}},"122":{"start":{"line":390,"column":14},"end":{"line":390,"column":36}},"123":{"start":{"line":390,"column":27},"end":{"line":390,"column":36}},"124":{"start":{"line":393,"column":14},"end":{"line":399,"column":15}},"125":{"start":{"line":394,"column":16},"end":{"line":398,"column":19}},"126":{"start":{"line":402,"column":14},"end":{"line":422,"column":15}},"127":{"start":{"line":403,"column":16},"end":{"line":421,"column":17}},"128":{"start":{"line":404,"column":18},"end":{"line":411,"column":19}},"129":{"start":{"line":406,"column":20},"end":{"line":410,"column":23}},"130":{"start":{"line":413,"column":18},"end":{"line":420,"column":19}},"131":{"start":{"line":415,"column":20},"end":{"line":419,"column":23}},"132":{"start":{"line":425,"column":14},"end":{"line":435,"column":15}},"133":{"start":{"line":426,"column":16},"end":{"line":426,"column":74}},"134":{"start":{"line":428,"column":16},"end":{"line":434,"column":17}},"135":{"start":{"line":429,"column":18},"end":{"line":433,"column":20}},"136":{"start":{"line":439,"column":35},"end":{"line":439,"column":104}},"137":{"start":{"line":440,"column":14},"end":{"line":440,"column":77}},"138":{"start":{"line":441,"column":14},"end":{"line":441,"column":23}},"139":{"start":{"line":448,"column":8},"end":{"line":452,"column":11}},"140":{"start":{"line":456,"column":4},"end":{"line":459,"column":6}},"141":{"start":{"line":35,"column":0},"end":{"line":35,"column":13}}},"fnMap":{"0":{"name":"(anonymous_0)","decl":{"start":{"line":43,"column":2},"end":{"line":43,"column":null}},"loc":{"start":{"line":46,"column":30},"end":{"line":52,"column":3}}},"1":{"name":"(anonymous_1)","decl":{"start":{"line":54,"column":2},"end":{"line":54,"column":6}},"loc":{"start":{"line":54,"column":19},"end":{"line":56,"column":3}}},"2":{"name":"(anonymous_2)","decl":{"start":{"line":58,"column":10},"end":{"line":58,"column":25}},"loc":{"start":{"line":58,"column":53},"end":{"line":66,"column":3}}},"3":{"name":"(anonymous_3)","decl":{"start":{"line":68,"column":10},"end":{"line":68,"column":38}},"loc":{"start":{"line":68,"column":50},"end":{"line":109,"column":3}}},"4":{"name":"(anonymous_4)","decl":{"start":{"line":111,"column":10},"end":{"line":111,"column":17}},"loc":{"start":{"line":111,"column":53},"end":{"line":194,"column":3}}},"5":{"name":"(anonymous_5)","decl":{"start":{"line":196,"column":9},"end":{"line":196,"column":14}},"loc":{"start":{"line":197,"column":39},"end":{"line":312,"column":3}}},"6":{"name":"(anonymous_6)","decl":{"start":{"line":216,"column":22},"end":{"line":216,"column":23}},"loc":{"start":{"line":216,"column":37},"end":{"line":216,"column":56}}},"7":{"name":"(anonymous_7)","decl":{"start":{"line":232,"column":52},"end":{"line":232,"column":55}},"loc":{"start":{"line":232,"column":58},"end":{"line":232,"column":73}}},"8":{"name":"(anonymous_8)","decl":{"start":{"line":295,"column":45},"end":{"line":295,"column":46}},"loc":{"start":{"line":295,"column":78},"end":{"line":303,"column":12}}},"9":{"name":"(anonymous_9)","decl":{"start":{"line":314,"column":9},"end":{"line":314,"column":14}},"loc":{"start":{"line":315,"column":39},"end":{"line":460,"column":3}}},"10":{"name":"(anonymous_10)","decl":{"start":{"line":335,"column":22},"end":{"line":335,"column":23}},"loc":{"start":{"line":335,"column":37},"end":{"line":335,"column":56}}},"11":{"name":"(anonymous_11)","decl":{"start":{"line":351,"column":52},"end":{"line":351,"column":55}},"loc":{"start":{"line":351,"column":58},"end":{"line":351,"column":73}}},"12":{"name":"(anonymous_12)","decl":{"start":{"line":370,"column":13},"end":{"line":370,"column":14}},"loc":{"start":{"line":370,"column":28},"end":{"line":374,"column":7}}},"13":{"name":"(anonymous_13)","decl":{"start":{"line":376,"column":17},"end":{"line":376,"column":18}},"loc":{"start":{"line":376,"column":39},"end":{"line":445,"column":7}}},"14":{"name":"(anonymous_14)","decl":{"start":{"line":447,"column":13},"end":{"line":447,"column":14}},"loc":{"start":{"line":447,"column":28},"end":{"line":453,"column":7}}}},"branchMap":{"0":{"loc":{"start":{"line":59,"column":4},"end":{"line":65,"column":5}},"type":"switch","locations":[{"start":{"line":60,"column":6},"end":{"line":60,"column":33}},{"start":{"line":61,"column":6},"end":{"line":61,"column":37}},{"start":{"line":62,"column":6},"end":{"line":62,"column":53}},{"start":{"line":63,"column":6},"end":{"line":63,"column":45}},{"start":{"line":64,"column":6},"end":{"line":64,"column":32}}]},"1":{"loc":{"start":{"line":71,"column":4},"end":{"line":105,"column":5}},"type":"if","locations":[{"start":{"line":71,"column":4},"end":{"line":105,"column":5}}]},"2":{"loc":{"start":{"line":71,"column":8},"end":{"line":71,"column":29}},"type":"binary-expr","locations":[{"start":{"line":71,"column":8},"end":{"line":71,"column":14}},{"start":{"line":71,"column":18},"end":{"line":71,"column":29}}]},"3":{"loc":{"start":{"line":74,"column":6},"end":{"line":104,"column":7}},"type":"if","locations":[{"start":{"line":74,"column":6},"end":{"line":104,"column":7}},{"start":{"line":92,"column":13},"end":{"line":104,"column":7}}]},"4":{"loc":{"start":{"line":78,"column":50},"end":{"line":78,"column":65}},"type":"binary-expr","locations":[{"start":{"line":78,"column":50},"end":{"line":78,"column":59}},{"start":{"line":78,"column":63},"end":{"line":78,"column":65}}]},"5":{"loc":{"start":{"line":82,"column":10},"end":{"line":84,"column":11}},"type":"if","locations":[{"start":{"line":82,"column":10},"end":{"line":84,"column":11}}]},"6":{"loc":{"start":{"line":90,"column":20},"end":{"line":90,"column":62}},"type":"cond-expr","locations":[{"start":{"line":90,"column":42},"end":{"line":90,"column":50}},{"start":{"line":90,"column":53},"end":{"line":90,"column":62}}]},"7":{"loc":{"start":{"line":92,"column":13},"end":{"line":104,"column":7}},"type":"if","locations":[{"start":{"line":92,"column":13},"end":{"line":104,"column":7}},{"start":{"line":94,"column":13},"end":{"line":104,"column":7}}]},"8":{"loc":{"start":{"line":94,"column":13},"end":{"line":104,"column":7}},"type":"if","locations":[{"start":{"line":94,"column":13},"end":{"line":104,"column":7}},{"start":{"line":96,"column":13},"end":{"line":104,"column":7}}]},"9":{"loc":{"start":{"line":96,"column":13},"end":{"line":104,"column":7}},"type":"if","locations":[{"start":{"line":96,"column":13},"end":{"line":104,"column":7}},{"start":{"line":98,"column":13},"end":{"line":104,"column":7}}]},"10":{"loc":{"start":{"line":98,"column":13},"end":{"line":104,"column":7}},"type":"if","locations":[{"start":{"line":98,"column":13},"end":{"line":104,"column":7}}]},"11":{"loc":{"start":{"line":116,"column":51},"end":{"line":116,"column":71}},"type":"binary-expr","locations":[{"start":{"line":116,"column":51},"end":{"line":116,"column":65}},{"start":{"line":116,"column":69},"end":{"line":116,"column":71}}]},"12":{"loc":{"start":{"line":122,"column":30},"end":{"line":122,"column":73}},"type":"binary-expr","locations":[{"start":{"line":122,"column":30},"end":{"line":122,"column":64}},{"start":{"line":122,"column":68},"end":{"line":122,"column":73}}]},"13":{"loc":{"start":{"line":123,"column":30},"end":{"line":123,"column":73}},"type":"binary-expr","locations":[{"start":{"line":123,"column":30},"end":{"line":123,"column":64}},{"start":{"line":123,"column":68},"end":{"line":123,"column":73}}]},"14":{"loc":{"start":{"line":124,"column":31},"end":{"line":124,"column":75}},"type":"binary-expr","locations":[{"start":{"line":124,"column":31},"end":{"line":124,"column":66}},{"start":{"line":124,"column":70},"end":{"line":124,"column":75}}]},"15":{"loc":{"start":{"line":128,"column":4},"end":{"line":149,"column":5}},"type":"if","locations":[{"start":{"line":128,"column":4},"end":{"line":149,"column":5}}]},"16":{"loc":{"start":{"line":140,"column":25},"end":{"line":140,"column":51}},"type":"binary-expr","locations":[{"start":{"line":140,"column":25},"end":{"line":140,"column":45}},{"start":{"line":140,"column":49},"end":{"line":140,"column":51}}]},"17":{"loc":{"start":{"line":141,"column":24},"end":{"line":144,"column":null}},"type":"cond-expr","locations":[{"start":{"line":141,"column":47},"end":{"line":141,"column":102}},{"start":{"line":141,"column":105},"end":{"line":144,"column":null}}]},"18":{"loc":{"start":{"line":152,"column":4},"end":{"line":166,"column":5}},"type":"if","locations":[{"start":{"line":152,"column":4},"end":{"line":166,"column":5}}]},"19":{"loc":{"start":{"line":154,"column":6},"end":{"line":165,"column":7}},"type":"if","locations":[{"start":{"line":154,"column":6},"end":{"line":165,"column":7}},{"start":{"line":156,"column":13},"end":{"line":165,"column":7}}]},"20":{"loc":{"start":{"line":156,"column":13},"end":{"line":165,"column":7}},"type":"if","locations":[{"start":{"line":156,"column":13},"end":{"line":165,"column":7}},{"start":{"line":158,"column":13},"end":{"line":165,"column":7}}]},"21":{"loc":{"start":{"line":158,"column":13},"end":{"line":165,"column":7}},"type":"if","locations":[{"start":{"line":158,"column":13},"end":{"line":165,"column":7}},{"start":{"line":160,"column":13},"end":{"line":165,"column":7}}]},"22":{"loc":{"start":{"line":160,"column":13},"end":{"line":165,"column":7}},"type":"if","locations":[{"start":{"line":160,"column":13},"end":{"line":165,"column":7}}]},"23":{"loc":{"start":{"line":160,"column":17},"end":{"line":160,"column":77}},"type":"binary-expr","locations":[{"start":{"line":160,"column":17},"end":{"line":160,"column":47}},{"start":{"line":160,"column":51},"end":{"line":160,"column":77}}]},"24":{"loc":{"start":{"line":169,"column":4},"end":{"line":171,"column":5}},"type":"if","locations":[{"start":{"line":169,"column":4},"end":{"line":171,"column":5}}]},"25":{"loc":{"start":{"line":173,"column":4},"end":{"line":175,"column":5}},"type":"if","locations":[{"start":{"line":173,"column":4},"end":{"line":175,"column":5}}]},"26":{"loc":{"start":{"line":177,"column":4},"end":{"line":179,"column":5}},"type":"if","locations":[{"start":{"line":177,"column":4},"end":{"line":179,"column":5}}]},"27":{"loc":{"start":{"line":181,"column":4},"end":{"line":183,"column":5}},"type":"if","locations":[{"start":{"line":181,"column":4},"end":{"line":183,"column":5}}]},"28":{"loc":{"start":{"line":185,"column":4},"end":{"line":187,"column":5}},"type":"if","locations":[{"start":{"line":185,"column":4},"end":{"line":187,"column":5}}]},"29":{"loc":{"start":{"line":189,"column":4},"end":{"line":191,"column":5}},"type":"if","locations":[{"start":{"line":189,"column":4},"end":{"line":191,"column":5}}]},"30":{"loc":{"start":{"line":210,"column":24},"end":{"line":210,"column":50}},"type":"binary-expr","locations":[{"start":{"line":210,"column":24},"end":{"line":210,"column":41}},{"start":{"line":210,"column":45},"end":{"line":210,"column":50}}]},"31":{"loc":{"start":{"line":215,"column":65},"end":{"line":215,"column":86}},"type":"binary-expr","locations":[{"start":{"line":215,"column":65},"end":{"line":215,"column":80}},{"start":{"line":215,"column":84},"end":{"line":215,"column":86}}]},"32":{"loc":{"start":{"line":227,"column":15},"end":{"line":227,"column":72}},"type":"cond-expr","locations":[{"start":{"line":227,"column":40},"end":{"line":227,"column":45}},{"start":{"line":227,"column":48},"end":{"line":227,"column":72}}]},"33":{"loc":{"start":{"line":231,"column":4},"end":{"line":240,"column":5}},"type":"if","locations":[{"start":{"line":231,"column":4},"end":{"line":240,"column":5}}]},"34":{"loc":{"start":{"line":245,"column":4},"end":{"line":247,"column":5}},"type":"if","locations":[{"start":{"line":245,"column":4},"end":{"line":247,"column":5}}]},"35":{"loc":{"start":{"line":252,"column":4},"end":{"line":257,"column":5}},"type":"if","locations":[{"start":{"line":252,"column":4},"end":{"line":257,"column":5}}]},"36":{"loc":{"start":{"line":260,"column":4},"end":{"line":269,"column":5}},"type":"if","locations":[{"start":{"line":260,"column":4},"end":{"line":269,"column":5}}]},"37":{"loc":{"start":{"line":272,"column":4},"end":{"line":274,"column":5}},"type":"if","locations":[{"start":{"line":272,"column":4},"end":{"line":274,"column":5}}]},"38":{"loc":{"start":{"line":277,"column":18},"end":{"line":277,"column":99}},"type":"binary-expr","locations":[{"start":{"line":277,"column":18},"end":{"line":277,"column":36}},{"start":{"line":277,"column":40},"end":{"line":277,"column":99}}]},"39":{"loc":{"start":{"line":281,"column":41},"end":{"line":281,"column":74}},"type":"binary-expr","locations":[{"start":{"line":281,"column":41},"end":{"line":281,"column":66}},{"start":{"line":281,"column":70},"end":{"line":281,"column":74}}]},"40":{"loc":{"start":{"line":295,"column":19},"end":{"line":303,"column":19}},"type":"binary-expr","locations":[{"start":{"line":295,"column":19},"end":{"line":303,"column":13}},{"start":{"line":303,"column":17},"end":{"line":303,"column":19}}]},"41":{"loc":{"start":{"line":329,"column":24},"end":{"line":329,"column":50}},"type":"binary-expr","locations":[{"start":{"line":329,"column":24},"end":{"line":329,"column":41}},{"start":{"line":329,"column":45},"end":{"line":329,"column":50}}]},"42":{"loc":{"start":{"line":334,"column":65},"end":{"line":334,"column":86}},"type":"binary-expr","locations":[{"start":{"line":334,"column":65},"end":{"line":334,"column":80}},{"start":{"line":334,"column":84},"end":{"line":334,"column":86}}]},"43":{"loc":{"start":{"line":346,"column":15},"end":{"line":346,"column":72}},"type":"cond-expr","locations":[{"start":{"line":346,"column":40},"end":{"line":346,"column":45}},{"start":{"line":346,"column":48},"end":{"line":346,"column":72}}]},"44":{"loc":{"start":{"line":350,"column":4},"end":{"line":359,"column":5}},"type":"if","locations":[{"start":{"line":350,"column":4},"end":{"line":359,"column":5}}]},"45":{"loc":{"start":{"line":350,"column":8},"end":{"line":350,"column":38}},"type":"binary-expr","locations":[{"start":{"line":350,"column":8},"end":{"line":350,"column":20}},{"start":{"line":350,"column":24},"end":{"line":350,"column":38}}]},"46":{"loc":{"start":{"line":371,"column":8},"end":{"line":373,"column":9}},"type":"if","locations":[{"start":{"line":371,"column":8},"end":{"line":373,"column":9}}]},"47":{"loc":{"start":{"line":382,"column":10},"end":{"line":382,"column":71}},"type":"if","locations":[{"start":{"line":382,"column":10},"end":{"line":382,"column":71}}]},"48":{"loc":{"start":{"line":382,"column":14},"end":{"line":382,"column":60}},"type":"binary-expr","locations":[{"start":{"line":382,"column":14},"end":{"line":382,"column":26}},{"start":{"line":382,"column":30},"end":{"line":382,"column":60}}]},"49":{"loc":{"start":{"line":384,"column":10},"end":{"line":443,"column":11}},"type":"if","locations":[{"start":{"line":384,"column":10},"end":{"line":443,"column":11}}]},"50":{"loc":{"start":{"line":390,"column":14},"end":{"line":390,"column":36}},"type":"if","locations":[{"start":{"line":390,"column":14},"end":{"line":390,"column":36}}]},"51":{"loc":{"start":{"line":393,"column":14},"end":{"line":399,"column":15}},"type":"if","locations":[{"start":{"line":393,"column":14},"end":{"line":399,"column":15}}]},"52":{"loc":{"start":{"line":402,"column":14},"end":{"line":422,"column":15}},"type":"if","locations":[{"start":{"line":402,"column":14},"end":{"line":422,"column":15}}]},"53":{"loc":{"start":{"line":404,"column":18},"end":{"line":411,"column":19}},"type":"if","locations":[{"start":{"line":404,"column":18},"end":{"line":411,"column":19}}]},"54":{"loc":{"start":{"line":408,"column":26},"end":{"line":408,"column":61}},"type":"binary-expr","locations":[{"start":{"line":408,"column":26},"end":{"line":408,"column":37}},{"start":{"line":408,"column":41},"end":{"line":408,"column":61}}]},"55":{"loc":{"start":{"line":413,"column":18},"end":{"line":420,"column":19}},"type":"if","locations":[{"start":{"line":413,"column":18},"end":{"line":420,"column":19}}]},"56":{"loc":{"start":{"line":417,"column":26},"end":{"line":417,"column":61}},"type":"binary-expr","locations":[{"start":{"line":417,"column":26},"end":{"line":417,"column":37}},{"start":{"line":417,"column":41},"end":{"line":417,"column":61}}]},"57":{"loc":{"start":{"line":425,"column":14},"end":{"line":435,"column":15}},"type":"if","locations":[{"start":{"line":425,"column":14},"end":{"line":435,"column":15}}]},"58":{"loc":{"start":{"line":428,"column":16},"end":{"line":434,"column":17}},"type":"if","locations":[{"start":{"line":428,"column":16},"end":{"line":434,"column":17}}]},"59":{"loc":{"start":{"line":439,"column":35},"end":{"line":439,"column":104}},"type":"cond-expr","locations":[{"start":{"line":439,"column":65},"end":{"line":439,"column":83}},{"start":{"line":439,"column":86},"end":{"line":439,"column":104}}]}},"s":{"0":2,"1":2,"2":2,"3":2,"4":2,"5":2,"6":16,"7":16,"8":16,"9":16,"10":16,"11":0,"12":0,"13":0,"14":0,"15":0,"16":0,"17":0,"18":0,"19":0,"20":0,"21":0,"22":0,"23":0,"24":0,"25":0,"26":0,"27":0,"28":0,"29":0,"30":0,"31":0,"32":0,"33":0,"34":0,"35":0,"36":0,"37":0,"38":2,"39":2,"40":2,"41":2,"42":0,"43":0,"44":0,"45":0,"46":0,"47":2,"48":0,"49":0,"50":0,"51":0,"52":0,"53":0,"54":0,"55":0,"56":0,"57":2,"58":0,"59":2,"60":0,"61":2,"62":0,"63":2,"64":0,"65":2,"66":0,"67":2,"68":0,"69":2,"70":0,"71":0,"72":0,"73":0,"74":0,"75":0,"76":0,"77":0,"78":0,"79":0,"80":0,"81":0,"82":0,"83":0,"84":0,"85":0,"86":0,"87":0,"88":0,"89":0,"90":0,"91":0,"92":0,"93":0,"94":0,"95":0,"96":0,"97":0,"98":0,"99":0,"100":0,"101":0,"102":0,"103":0,"104":0,"105":0,"106":0,"107":0,"108":0,"109":0,"110":0,"111":0,"112":0,"113":0,"114":0,"115":0,"116":0,"117":0,"118":0,"119":0,"120":0,"121":0,"122":0,"123":0,"124":0,"125":0,"126":0,"127":0,"128":0,"129":0,"130":0,"131":0,"132":0,"133":0,"134":0,"135":0,"136":0,"137":0,"138":0,"139":0,"140":0,"141":2},"f":{"0":16,"1":0,"2":0,"3":0,"4":2,"5":0,"6":0,"7":0,"8":0,"9":0,"10":0,"11":0,"12":0,"13":0,"14":0},"b":{"0":[0,0,0,0,0],"1":[0],"2":[0,0],"3":[0,0],"4":[0,0],"5":[0],"6":[0,0],"7":[0,0],"8":[0,0],"9":[0,0],"10":[0],"11":[2,0],"12":[2,2],"13":[2,2],"14":[2,2],"15":[0],"16":[0,0],"17":[0,0],"18":[0],"19":[0,0],"20":[0,0],"21":[0,0],"22":[0],"23":[0,0],"24":[0],"25":[0],"26":[0],"27":[0],"28":[0],"29":[0],"30":[0,0],"31":[0,0],"32":[0,0],"33":[0],"34":[0],"35":[0],"36":[0],"37":[0],"38":[0,0],"39":[0,0],"40":[0,0],"41":[0,0],"42":[0,0],"43":[0,0],"44":[0],"45":[0,0],"46":[0],"47":[0],"48":[0,0],"49":[0],"50":[0],"51":[0],"52":[0],"53":[0],"54":[0,0],"55":[0],"56":[0,0],"57":[0],"58":[0],"59":[0,0]}}
,"/home/runner/work/digitalocean-ai-provider/digitalocean-ai-provider/src/digitalocean-provider.ts": {"path":"/home/runner/work/digitalocean-ai-provider/digitalocean-ai-provider/src/digitalocean-provider.ts","statementMap":{"0":{"start":{"line":68,"column":0},"end":{"line":68,"column":16}},"1":{"start":{"line":1,"column":0},"end":{"line":1,"column":null}},"2":{"start":{"line":6,"column":0},"end":{"line":6,"column":null}},"3":{"start":{"line":11,"column":0},"end":{"line":11,"column":74}},"4":{"start":{"line":71,"column":21},"end":{"line":79,"column":4}},"5":{"start":{"line":71,"column":28},"end":{"line":79,"column":4}},"6":{"start":{"line":81,"column":30},"end":{"line":114,"column":3}},"7":{"start":{"line":85,"column":4},"end":{"line":89,"column":5}},"8":{"start":{"line":86,"column":6},"end":{"line":88,"column":8}},"9":{"start":{"line":92,"column":4},"end":{"line":97,"column":5}},"10":{"start":{"line":93,"column":6},"end":{"line":96,"column":8}},"11":{"start":{"line":100,"column":20},"end":{"line":102,"column":40}},"12":{"start":{"line":104,"column":4},"end":{"line":113,"column":6}},"13":{"start":{"line":109,"column":27},"end":{"line":109,"column":46}},"14":{"start":{"line":116,"column":19},"end":{"line":121,"column":3}},"15":{"start":{"line":120,"column":4},"end":{"line":120,"column":56}},"16":{"start":{"line":123,"column":2},"end":{"line":123,"column":47}},"17":{"start":{"line":124,"column":2},"end":{"line":124,"column":38}},"18":{"start":{"line":127,"column":2},"end":{"line":133,"column":4}},"19":{"start":{"line":128,"column":4},"end":{"line":132,"column":7}},"20":{"start":{"line":135,"column":2},"end":{"line":141,"column":4}},"21":{"start":{"line":136,"column":4},"end":{"line":140,"column":7}},"22":{"start":{"line":143,"column":2},"end":{"line":143,"column":42}},"23":{"start":{"line":149,"column":13},"end":{"line":149,"column":49}}},"fnMap":{"0":{"name":"createDigitalOcean","decl":{"start":{"line":68,"column":16},"end":{"line":68,"column":34}},"loc":{"start":{"line":69,"column":44},"end":{"line":144,"column":1}}},"1":{"name":"(anonymous_1)","decl":{"start":{"line":71,"column":21},"end":{"line":71,"column":24}},"loc":{"start":{"line":71,"column":28},"end":{"line":79,"column":4}}},"2":{"name":"(anonymous_2)","decl":{"start":{"line":81,"column":30},"end":{"line":81,"column":null}},"loc":{"start":{"line":84,"column":6},"end":{"line":114,"column":3}}},"3":{"name":"(anonymous_3)","decl":{"start":{"line":109,"column":13},"end":{"line":109,"column":14}},"loc":{"start":{"line":109,"column":27},"end":{"line":109,"column":46}}},"4":{"name":"(anonymous_4)","decl":{"start":{"line":116,"column":19},"end":{"line":116,"column":null}},"loc":{"start":{"line":118,"column":48},"end":{"line":121,"column":3}}},"5":{"name":"(anonymous_5)","decl":{"start":{"line":127,"column":32},"end":{"line":127,"column":33}},"loc":{"start":{"line":127,"column":52},"end":{"line":133,"column":3}}},"6":{"name":"(anonymous_6)","decl":{"start":{"line":135,"column":24},"end":{"line":135,"column":25}},"loc":{"start":{"line":135,"column":44},"end":{"line":141,"column":3}}}},"branchMap":{"0":{"loc":{"start":{"line":69,"column":2},"end":{"line":69,"column":44}},"type":"default-arg","locations":[{"start":{"line":69,"column":42},"end":{"line":69,"column":44}}]},"1":{"loc":{"start":{"line":83,"column":4},"end":{"line":83,"column":52}},"type":"default-arg","locations":[{"start":{"line":83,"column":50},"end":{"line":83,"column":52}}]},"2":{"loc":{"start":{"line":85,"column":4},"end":{"line":89,"column":5}},"type":"if","locations":[{"start":{"line":85,"column":4},"end":{"line":89,"column":5}}]},"3":{"loc":{"start":{"line":92,"column":4},"end":{"line":97,"column":5}},"type":"if","locations":[{"start":{"line":92,"column":4},"end":{"line":97,"column":5}}]},"4":{"loc":{"start":{"line":92,"column":8},"end":{"line":92,"column":100}},"type":"binary-expr","locations":[{"start":{"line":92,"column":8},"end":{"line":92,"column":53}},{"start":{"line":92,"column":57},"end":{"line":92,"column":100}}]},"5":{"loc":{"start":{"line":100,"column":20},"end":{"line":102,"column":40}},"type":"cond-expr","locations":[{"start":{"line":101,"column":8},"end":{"line":101,"column":61}},{"start":{"line":102,"column":8},"end":{"line":102,"column":40}}]}},"s":{"0":2,"1":2,"2":2,"3":2,"4":11,"5":0,"6":11,"7":17,"8":0,"9":17,"10":1,"11":16,"12":16,"13":0,"14":11,"15":17,"16":11,"17":11,"18":11,"19":0,"20":11,"21":0,"22":11,"23":2},"f":{"0":11,"1":0,"2":17,"3":0,"4":17,"5":0,"6":0},"b":{"0":[2],"1":[16],"2":[0],"3":[1],"4":[17,16],"5":[0,16]}}
,"/home/runner/work/digitalocean-ai-provider/digitalocean-ai-provider/src/digitalocean-settings.ts": {"path":"/home/runner/work/digitalocean-ai-provider/digitalocean-ai-provider/src/digitalocean-settings.ts","statementMap":{"0":{"start":{"line":1,"column":0},"end":{"line":1,"column":24}},"1":{"start":{"line":24,"column":13},"end":{"line":31,"column":3}}},"fnMap":{},"branchMap":{},"s":{"0":0,"1":0},"f":{},"b":{}}
,"/home/runner/work/digitalocean-ai-provider/digitalocean-ai-provider/src/index.ts": {"path":"/home/runner/work/digitalocean-ai-provider/digitalocean-ai-provider/src/index.ts","statementMap":{"0":{"start":{"line":1,"column":0},"end":{"line":1,"column":null}},"1":{"start":{"line":2,"column":2},"end":{"line":2,"column":null}},"2":{"start":{"line":3,"column":2},"end":{"line":3,"column":null}}},"fnMap":{"0":{"name":"(anonymous_0)","decl":{"start":{"line":2,"column":2},"end":{"line":2,"column":20}},"loc":{"start":{"line":2,"column":2},"end":{"line":2,"column":null}}},"1":{"name":"(anonymous_1)","decl":{"start":{"line":3,"column":2},"end":{"line":3,"column":14}},"loc":{"start":{"line":3,"column":2},"end":{"line":3,"column":null}}}},"branchMap":{},"s":{"0":2,"1":11,"2":10},"f":{"0":9,"1":8},"b":{}}
,"/home/runner/work/digitalocean-ai-provider/digitalocean-ai-provider/src/message-converter.ts": {"path":"/home/runner/work/digitalocean-ai-provider/digitalocean-ai-provider/src/message-converter.ts","statementMap":{"0":{"start":{"line":11,"column":0},"end":{"line":11,"column":16}},"1":{"start":{"line":1,"column":0},"end":{"line":1,"column":null}},"2":{"start":{"line":14,"column":42},"end":{"line":14,"column":44}},"3":{"start":{"line":16,"column":2},"end":{"line":143,"column":3}},"4":{"start":{"line":17,"column":4},"end":{"line":142,"column":5}},"5":{"start":{"line":19,"column":8},"end":{"line":22,"column":11}},"6":{"start":{"line":23,"column":8},"end":{"line":23,"column":14}},"7":{"start":{"line":27,"column":36},"end":{"line":27,"column":38}},"8":{"start":{"line":29,"column":8},"end":{"line":57,"column":9}},"9":{"start":{"line":30,"column":10},"end":{"line":56,"column":11}},"10":{"start":{"line":32,"column":14},"end":{"line":32,"column":40}},"11":{"start":{"line":33,"column":14},"end":{"line":33,"column":20}},"12":{"start":{"line":38,"column":14},"end":{"line":38,"column":20}},"13":{"start":{"line":42,"column":30},"end":{"line":42,"column":41}},"14":{"start":{"line":43,"column":14},"end":{"line":54,"column":15}},"15":{"start":{"line":44,"column":16},"end":{"line":50,"column":17}},"16":{"start":{"line":45,"column":18},"end":{"line":45,"column":73}},"17":{"start":{"line":46,"column":23},"end":{"line":50,"column":17}},"18":{"start":{"line":47,"column":18},"end":{"line":47,"column":66}},"19":{"start":{"line":49,"column":18},"end":{"line":49,"column":66}},"20":{"start":{"line":53,"column":16},"end":{"line":53,"column":22}},"21":{"start":{"line":55,"column":14},"end":{"line":55,"column":20}},"22":{"start":{"line":59,"column":8},"end":{"line":62,"column":11}},"23":{"start":{"line":63,"column":8},"end":{"line":63,"column":14}},"24":{"start":{"line":67,"column":45},"end":{"line":67,"column":47}},"25":{"start":{"line":68,"column":50},"end":{"line":68,"column":52}},"26":{"start":{"line":70,"column":8},"end":{"line":93,"column":9}},"27":{"start":{"line":71,"column":10},"end":{"line":92,"column":11}},"28":{"start":{"line":73,"column":14},"end":{"line":73,"column":49}},"29":{"start":{"line":74,"column":14},"end":{"line":74,"column":20}},"30":{"start":{"line":78,"column":35},"end":{"line":78,"column":46}},"31":{"start":{"line":79,"column":14},"end":{"line":86,"column":17}},"32":{"start":{"line":87,"column":14},"end":{"line":87,"column":20}},"33":{"start":{"line":91,"column":14},"end":{"line":91,"column":20}},"34":{"start":{"line":95,"column":54},"end":{"line":97,"column":10}},"35":{"start":{"line":99,"column":33},"end":{"line":99,"column":64}},"36":{"start":{"line":100,"column":8},"end":{"line":102,"column":9}},"37":{"start":{"line":101,"column":10},"end":{"line":101,"column":54}},"38":{"start":{"line":104,"column":8},"end":{"line":106,"column":9}},"39":{"start":{"line":105,"column":10},"end":{"line":105,"column":50}},"40":{"start":{"line":109,"column":8},"end":{"line":111,"column":9}},"41":{"start":{"line":110,"column":10},"end":{"line":110,"column":42}},"42":{"start":{"line":112,"column":8},"end":{"line":112,"column":14}},"43":{"start":{"line":117,"column":28},"end":{"line":117,"column":42}},"44":{"start":{"line":120,"column":25},"end":{"line":120,"column":27}},"45":{"start":{"line":121,"column":8},"end":{"line":128,"column":9}},"46":{"start":{"line":122,"column":10},"end":{"line":127,"column":11}},"47":{"start":{"line":123,"column":12},"end":{"line":126,"column":13}},"48":{"start":{"line":124,"column":14},"end":{"line":124,"column":55}},"49":{"start":{"line":125,"column":14},"end":{"line":125,"column":20}},"50":{"start":{"line":130,"column":8},"end":{"line":135,"column":11}},"51":{"start":{"line":136,"column":8},"end":{"line":136,"column":14}},"52":{"start":{"line":139,"column":8},"end":{"line":141,"column":11}},"53":{"start":{"line":145,"column":2},"end":{"line":145,"column":18}}},"fnMap":{"0":{"name":"convertToDigitalOceanMessages","decl":{"start":{"line":11,"column":16},"end":{"line":11,"column":45}},"loc":{"start":{"line":12,"column":31},"end":{"line":146,"column":1}}}},"branchMap":{"0":{"loc":{"start":{"line":17,"column":4},"end":{"line":142,"column":5}},"type":"switch","locations":[{"start":{"line":18,"column":6},"end":{"line":23,"column":14}},{"start":{"line":25,"column":6},"end":{"line":63,"column":14}},{"start":{"line":65,"column":6},"end":{"line":112,"column":14}},{"start":{"line":114,"column":6},"end":{"line":136,"column":14}},{"start":{"line":138,"column":6},"end":{"line":141,"column":11}}]},"1":{"loc":{"start":{"line":30,"column":10},"end":{"line":56,"column":11}},"type":"switch","locations":[{"start":{"line":31,"column":12},"end":{"line":33,"column":20}},{"start":{"line":35,"column":12},"end":{"line":38,"column":20}},{"start":{"line":40,"column":12},"end":{"line":55,"column":20}}]},"2":{"loc":{"start":{"line":43,"column":14},"end":{"line":54,"column":15}},"type":"if","locations":[{"start":{"line":43,"column":14},"end":{"line":54,"column":15}},{"start":{"line":51,"column":21},"end":{"line":54,"column":15}}]},"3":{"loc":{"start":{"line":44,"column":16},"end":{"line":50,"column":17}},"type":"if","locations":[{"start":{"line":44,"column":16},"end":{"line":50,"column":17}},{"start":{"line":46,"column":23},"end":{"line":50,"column":17}}]},"4":{"loc":{"start":{"line":46,"column":23},"end":{"line":50,"column":17}},"type":"if","locations":[{"start":{"line":46,"column":23},"end":{"line":50,"column":17}},{"start":{"line":48,"column":23},"end":{"line":50,"column":17}}]},"5":{"loc":{"start":{"line":71,"column":10},"end":{"line":92,"column":11}},"type":"switch","locations":[{"start":{"line":72,"column":12},"end":{"line":74,"column":20}},{"start":{"line":76,"column":12},"end":{"line":87,"column":20}},{"start":{"line":89,"column":12},"end":{"line":91,"column":20}}]},"6":{"loc":{"start":{"line":84,"column":29},"end":{"line":84,"column":54}},"type":"binary-expr","locations":[{"start":{"line":84,"column":29},"end":{"line":84,"column":46}},{"start":{"line":84,"column":50},"end":{"line":84,"column":54}}]},"7":{"loc":{"start":{"line":100,"column":8},"end":{"line":102,"column":9}},"type":"if","locations":[{"start":{"line":100,"column":8},"end":{"line":102,"column":9}}]},"8":{"loc":{"start":{"line":104,"column":8},"end":{"line":106,"column":9}},"type":"if","locations":[{"start":{"line":104,"column":8},"end":{"line":106,"column":9}}]},"9":{"loc":{"start":{"line":109,"column":8},"end":{"line":111,"column":9}},"type":"if","locations":[{"start":{"line":109,"column":8},"end":{"line":111,"column":9}}]},"10":{"loc":{"start":{"line":109,"column":12},"end":{"line":109,"column":67}},"type":"binary-expr","locations":[{"start":{"line":109,"column":12},"end":{"line":109,"column":36}},{"start":{"line":109,"column":40},"end":{"line":109,"column":67}}]},"11":{"loc":{"start":{"line":121,"column":8},"end":{"line":128,"column":9}},"type":"if","locations":[{"start":{"line":121,"column":8},"end":{"line":128,"column":9}}]},"12":{"loc":{"start":{"line":123,"column":12},"end":{"line":126,"column":13}},"type":"if","locations":[{"start":{"line":123,"column":12},"end":{"line":126,"column":13}}]},"13":{"loc":{"start":{"line":132,"column":24},"end":{"line":132,"column":52}},"type":"binary-expr","locations":[{"start":{"line":132,"column":24},"end":{"line":132,"column":46}},{"start":{"line":132,"column":50},"end":{"line":132,"column":52}}]},"14":{"loc":{"start":{"line":133,"column":16},"end":{"line":133,"column":42}},"type":"binary-expr","locations":[{"start":{"line":133,"column":16},"end":{"line":133,"column":36}},{"start":{"line":133,"column":40},"end":{"line":133,"column":42}}]}},"s":{"0":3,"1":3,"2":8,"3":8,"4":9,"5":1,"6":1,"7":7,"8":7,"9":8,"10":7,"11":7,"12":1,"13":0,"14":0,"15":0,"16":0,"17":0,"18":0,"19":0,"20":0,"21":0,"22":7,"23":7,"24":1,"25":1,"26":1,"27":1,"28":1,"29":1,"30":0,"31":0,"32":0,"33":0,"34":1,"35":1,"36":1,"37":1,"38":1,"39":0,"40":1,"41":1,"42":1,"43":0,"44":0,"45":0,"46":0,"47":0,"48":0,"49":0,"50":0,"51":0,"52":0,"53":8},"f":{"0":8},"b":{"0":[1,7,1,0,0],"1":[7,1,0],"2":[0,0],"3":[0,0],"4":[0,0],"5":[1,0,0],"6":[0,0],"7":[1],"8":[0],"9":[1],"10":[1,0],"11":[0],"12":[0],"13":[0,0],"14":[0,0]}}
}
