TN:
SF:src/digitalocean-error-new.ts
FN:20,handleDigitalOceanError
FN:29,(anonymous_1)
FN:107,handleDigitalOceanErrorResponse
FNF:3
FNH:0
FNDA:0,handleDigitalOceanError
FNDA:0,(anonymous_1)
FNDA:0,handleDigitalOceanErrorResponse
DA:1,0
DA:2,0
DA:7,0
DA:20,0
DA:26,0
DA:27,0
DA:28,0
DA:29,0
DA:30,0
DA:33,0
DA:34,0
DA:36,0
DA:37,0
DA:48,0
DA:49,0
DA:59,0
DA:60,0
DA:70,0
DA:71,0
DA:81,0
DA:82,0
DA:94,0
DA:107,0
DA:113,0
DA:114,0
DA:115,0
DA:116,0
DA:123,0
DA:125,0
LF:29
LH:0
BRDA:27,0,0,0
BRDA:27,0,1,0
BRDA:34,1,0,0
BRDA:34,1,1,0
BRDA:36,2,0,0
BRDA:48,3,0,0
BRDA:59,4,0,0
BRDA:70,5,0,0
BRDA:81,6,0,0
BRDA:95,7,0,0
BRDA:95,7,1,0
BRF:11
BRH:0
end_of_record
TN:
SF:src/digitalocean-error.ts
FN:20,handleDigitalOceanError
FN:29,(anonymous_1)
FN:107,handleDigitalOceanErrorResponse
FNF:3
FNH:0
FNDA:0,handleDigitalOceanError
FNDA:0,(anonymous_1)
FNDA:0,handleDigitalOceanErrorResponse
DA:1,0
DA:2,0
DA:7,0
DA:20,0
DA:26,0
DA:27,0
DA:28,0
DA:29,0
DA:30,0
DA:33,0
DA:34,0
DA:36,0
DA:37,0
DA:48,0
DA:49,0
DA:59,0
DA:60,0
DA:70,0
DA:71,0
DA:81,0
DA:82,0
DA:94,0
DA:107,0
DA:113,0
DA:114,0
DA:115,0
DA:116,0
DA:123,0
DA:125,0
LF:29
LH:0
BRDA:27,0,0,0
BRDA:27,0,1,0
BRDA:34,1,0,0
BRDA:34,1,1,0
BRDA:36,2,0,0
BRDA:48,3,0,0
BRDA:59,4,0,0
BRDA:70,5,0,0
BRDA:81,6,0,0
BRDA:95,7,0,0
BRDA:95,7,1,0
BRF:11
BRH:0
end_of_record
TN:
SF:src/digitalocean-language-model-new.ts
FN:42,(anonymous_0)
FN:53,(anonymous_1)
FN:57,(anonymous_2)
FN:66,(anonymous_3)
FN:126,(anonymous_4)
FN:146,(anonymous_5)
FN:162,(anonymous_6)
FN:203,(anonymous_7)
FN:221,(anonymous_8)
FN:242,(anonymous_9)
FN:258,(anonymous_10)
FN:277,(anonymous_11)
FN:283,(anonymous_12)
FN:326,(anonymous_13)
FNF:14
FNH:0
FNDA:0,(anonymous_0)
FNDA:0,(anonymous_1)
FNDA:0,(anonymous_2)
FNDA:0,(anonymous_3)
FNDA:0,(anonymous_4)
FNDA:0,(anonymous_5)
FNDA:0,(anonymous_6)
FNDA:0,(anonymous_7)
FNDA:0,(anonymous_8)
FNDA:0,(anonymous_9)
FNDA:0,(anonymous_10)
FNDA:0,(anonymous_11)
FNDA:0,(anonymous_12)
FNDA:0,(anonymous_13)
DA:1,0
DA:11,0
DA:18,0
DA:28,0
DA:31,0
DA:32,0
DA:34,0
DA:35,0
DA:47,0
DA:48,0
DA:49,0
DA:50,0
DA:54,0
DA:58,0
DA:59,0
DA:60,0
DA:61,0
DA:62,0
DA:70,0
DA:71,0
DA:74,0
DA:75,0
DA:82,0
DA:83,0
DA:90,0
DA:99,0
DA:100,0
DA:103,0
DA:104,0
DA:107,0
DA:108,0
DA:111,0
DA:112,0
DA:115,0
DA:116,0
DA:119,0
DA:120,0
DA:123,0
DA:136,0
DA:139,0
DA:140,0
DA:146,0
DA:153,0
DA:161,0
DA:162,0
DA:163,0
DA:172,0
DA:173,0
DA:175,0
DA:176,0
DA:179,0
DA:184,0
DA:185,0
DA:187,0
DA:203,0
DA:227,0
DA:229,0
DA:235,0
DA:236,0
DA:242,0
DA:249,0
DA:257,0
DA:258,0
DA:259,0
DA:268,0
DA:269,0
DA:275,0
DA:276,0
DA:278,0
DA:279,0
DA:284,0
DA:285,0
DA:287,0
DA:288,0
DA:289,0
DA:291,0
DA:292,0
DA:293,0
DA:294,0
DA:296,0
DA:299,0
DA:300,0
DA:308,0
DA:309,0
DA:311,0
DA:312,0
DA:320,0
DA:327,0
DA:335,0
LF:89
LH:0
BRDA:58,0,0,0
BRDA:58,0,1,0
BRDA:58,0,2,0
BRDA:58,0,3,0
BRDA:71,1,0,0
BRDA:71,1,1,0
BRDA:74,2,0,0
BRDA:82,3,0,0
BRDA:93,4,0,0
BRDA:93,4,1,0
BRDA:94,5,0,0
BRDA:94,5,1,0
BRDA:95,6,0,0
BRDA:95,6,1,0
BRDA:99,7,0,0
BRDA:103,8,0,0
BRDA:107,9,0,0
BRDA:111,10,0,0
BRDA:115,11,0,0
BRDA:119,12,0,0
BRDA:140,13,0,0
BRDA:140,13,1,0
BRDA:145,14,0,0
BRDA:145,14,1,0
BRDA:157,15,0,0
BRDA:157,15,1,0
BRDA:161,16,0,0
BRDA:175,17,0,0
BRDA:185,18,0,0
BRDA:185,18,1,0
BRDA:189,19,0,0
BRDA:189,19,1,0
BRDA:203,20,0,0
BRDA:203,20,1,0
BRDA:236,21,0,0
BRDA:236,21,1,0
BRDA:241,22,0,0
BRDA:241,22,1,0
BRDA:253,23,0,0
BRDA:253,23,1,0
BRDA:257,24,0,0
BRDA:257,25,0,0
BRDA:257,25,1,0
BRDA:278,26,0,0
BRDA:289,27,0,0
BRDA:289,28,0,0
BRDA:289,28,1,0
BRDA:291,29,0,0
BRDA:296,30,0,0
BRDA:299,31,0,0
BRDA:308,32,0,0
BRDA:311,33,0,0
BRF:52
BRH:0
end_of_record
TN:
SF:src/digitalocean-language-model.ts
FN:43,(anonymous_0)
FN:54,(anonymous_1)
FN:58,(anonymous_2)
FN:68,(anonymous_3)
FN:111,(anonymous_4)
FN:196,(anonymous_5)
FN:216,(anonymous_6)
FN:232,(anonymous_7)
FN:295,(anonymous_8)
FN:314,(anonymous_9)
FN:335,(anonymous_10)
FN:351,(anonymous_11)
FN:370,(anonymous_12)
FN:376,(anonymous_13)
FN:447,(anonymous_14)
FNF:15
FNH:2
FNDA:16,(anonymous_0)
FNDA:0,(anonymous_1)
FNDA:0,(anonymous_2)
FNDA:0,(anonymous_3)
FNDA:2,(anonymous_4)
FNDA:0,(anonymous_5)
FNDA:0,(anonymous_6)
FNDA:0,(anonymous_7)
FNDA:0,(anonymous_8)
FNDA:0,(anonymous_9)
FNDA:0,(anonymous_10)
FNDA:0,(anonymous_11)
FNDA:0,(anonymous_12)
FNDA:0,(anonymous_13)
FNDA:0,(anonymous_14)
DA:1,2
DA:11,2
DA:18,2
DA:29,2
DA:32,2
DA:33,2
DA:35,2
DA:36,16
DA:48,16
DA:49,16
DA:50,16
DA:51,16
DA:55,0
DA:59,0
DA:60,0
DA:61,0
DA:62,0
DA:63,0
DA:64,0
DA:71,0
DA:72,0
DA:74,0
DA:75,0
DA:76,0
DA:78,0
DA:79,0
DA:80,0
DA:82,0
DA:83,0
DA:87,0
DA:92,0
DA:93,0
DA:94,0
DA:95,0
DA:96,0
DA:97,0
DA:98,0
DA:99,0
DA:108,0
DA:115,2
DA:116,2
DA:119,2
DA:128,2
DA:132,0
DA:134,0
DA:135,0
DA:136,0
DA:148,0
DA:152,2
DA:153,0
DA:154,0
DA:155,0
DA:156,0
DA:157,0
DA:158,0
DA:159,0
DA:160,0
DA:161,0
DA:169,2
DA:170,0
DA:173,2
DA:174,0
DA:177,2
DA:178,0
DA:181,2
DA:182,0
DA:185,2
DA:186,0
DA:189,2
DA:190,0
DA:193,2
DA:206,0
DA:209,0
DA:210,0
DA:216,0
DA:223,0
DA:231,0
DA:232,0
DA:233,0
DA:242,0
DA:243,0
DA:245,0
DA:246,0
DA:249,0
DA:252,0
DA:253,0
DA:260,0
DA:261,0
DA:262,0
DA:272,0
DA:273,0
DA:276,0
DA:277,0
DA:279,0
DA:295,0
DA:320,0
DA:322,0
DA:328,0
DA:329,0
DA:335,0
DA:342,0
DA:350,0
DA:351,0
DA:352,0
DA:361,0
DA:362,0
DA:368,0
DA:369,0
DA:371,0
DA:372,0
DA:377,0
DA:378,0
DA:380,0
DA:381,0
DA:382,0
DA:384,0
DA:385,0
DA:386,0
DA:387,0
DA:388,0
DA:390,0
DA:393,0
DA:394,0
DA:402,0
DA:403,0
DA:404,0
DA:406,0
DA:413,0
DA:415,0
DA:425,0
DA:426,0
DA:428,0
DA:429,0
DA:439,0
DA:440,0
DA:441,0
DA:448,0
DA:456,0
LF:138
LH:24
BRDA:59,0,0,0
BRDA:59,0,1,0
BRDA:59,0,2,0
BRDA:59,0,3,0
BRDA:59,0,4,0
BRDA:71,1,0,0
BRDA:71,2,0,0
BRDA:71,2,1,0
BRDA:74,3,0,0
BRDA:74,3,1,0
BRDA:78,4,0,0
BRDA:78,4,1,0
BRDA:82,5,0,0
BRDA:90,6,0,0
BRDA:90,6,1,0
BRDA:92,7,0,0
BRDA:92,7,1,0
BRDA:94,8,0,0
BRDA:94,8,1,0
BRDA:96,9,0,0
BRDA:96,9,1,0
BRDA:98,10,0,0
BRDA:116,11,0,2
BRDA:116,11,1,0
BRDA:122,12,0,2
BRDA:122,12,1,2
BRDA:123,13,0,2
BRDA:123,13,1,2
BRDA:124,14,0,2
BRDA:124,14,1,2
BRDA:128,15,0,0
BRDA:140,16,0,0
BRDA:140,16,1,0
BRDA:141,17,0,0
BRDA:141,17,1,0
BRDA:152,18,0,0
BRDA:154,19,0,0
BRDA:154,19,1,0
BRDA:156,20,0,0
BRDA:156,20,1,0
BRDA:158,21,0,0
BRDA:158,21,1,0
BRDA:160,22,0,0
BRDA:160,23,0,0
BRDA:160,23,1,0
BRDA:169,24,0,0
BRDA:173,25,0,0
BRDA:177,26,0,0
BRDA:181,27,0,0
BRDA:185,28,0,0
BRDA:189,29,0,0
BRDA:210,30,0,0
BRDA:210,30,1,0
BRDA:215,31,0,0
BRDA:215,31,1,0
BRDA:227,32,0,0
BRDA:227,32,1,0
BRDA:231,33,0,0
BRDA:245,34,0,0
BRDA:252,35,0,0
BRDA:260,36,0,0
BRDA:272,37,0,0
BRDA:277,38,0,0
BRDA:277,38,1,0
BRDA:281,39,0,0
BRDA:281,39,1,0
BRDA:295,40,0,0
BRDA:295,40,1,0
BRDA:329,41,0,0
BRDA:329,41,1,0
BRDA:334,42,0,0
BRDA:334,42,1,0
BRDA:346,43,0,0
BRDA:346,43,1,0
BRDA:350,44,0,0
BRDA:350,45,0,0
BRDA:350,45,1,0
BRDA:371,46,0,0
BRDA:382,47,0,0
BRDA:382,48,0,0
BRDA:382,48,1,0
BRDA:384,49,0,0
BRDA:390,50,0,0
BRDA:393,51,0,0
BRDA:402,52,0,0
BRDA:404,53,0,0
BRDA:408,54,0,0
BRDA:408,54,1,0
BRDA:413,55,0,0
BRDA:417,56,0,0
BRDA:417,56,1,0
BRDA:425,57,0,0
BRDA:428,58,0,0
BRDA:439,59,0,0
BRDA:439,59,1,0
BRF:95
BRH:7
end_of_record
TN:
SF:src/digitalocean-provider.ts
FN:68,createDigitalOcean
FN:71,(anonymous_1)
FN:81,(anonymous_2)
FN:109,(anonymous_3)
FN:116,(anonymous_4)
FN:127,(anonymous_5)
FN:135,(anonymous_6)
FNF:7
FNH:3
FNDA:11,createDigitalOcean
FNDA:0,(anonymous_1)
FNDA:17,(anonymous_2)
FNDA:0,(anonymous_3)
FNDA:17,(anonymous_4)
FNDA:0,(anonymous_5)
FNDA:0,(anonymous_6)
DA:1,2
DA:6,2
DA:11,2
DA:68,2
DA:71,11
DA:81,11
DA:85,17
DA:86,0
DA:92,17
DA:93,1
DA:100,16
DA:104,16
DA:109,0
DA:116,11
DA:120,17
DA:123,11
DA:124,11
DA:127,11
DA:128,0
DA:135,11
DA:136,0
DA:143,11
DA:149,2
LF:23
LH:19
BRDA:69,0,0,2
BRDA:83,1,0,16
BRDA:85,2,0,0
BRDA:92,3,0,1
BRDA:92,4,0,17
BRDA:92,4,1,16
BRDA:100,5,0,0
BRDA:100,5,1,16
BRF:8
BRH:6
end_of_record
TN:
SF:src/digitalocean-settings.ts
FNF:0
FNH:0
DA:1,0
DA:24,0
LF:2
LH:0
BRF:0
BRH:0
end_of_record
TN:
SF:src/index.ts
FN:2,(anonymous_0)
FN:3,(anonymous_1)
FNF:2
FNH:2
FNDA:9,(anonymous_0)
FNDA:8,(anonymous_1)
DA:1,2
DA:2,11
DA:3,10
LF:3
LH:3
BRF:0
BRH:0
end_of_record
TN:
SF:src/message-converter.ts
FN:11,convertToDigitalOceanMessages
FNF:1
FNH:1
FNDA:8,convertToDigitalOceanMessages
DA:1,3
DA:11,3
DA:14,8
DA:16,8
DA:17,9
DA:19,1
DA:23,1
DA:27,7
DA:29,7
DA:30,8
DA:32,7
DA:33,7
DA:38,1
DA:42,0
DA:43,0
DA:44,0
DA:45,0
DA:46,0
DA:47,0
DA:49,0
DA:53,0
DA:55,0
DA:59,7
DA:63,7
DA:67,1
DA:68,1
DA:70,1
DA:71,1
DA:73,1
DA:74,1
DA:78,0
DA:79,0
DA:87,0
DA:91,0
DA:95,1
DA:99,1
DA:100,1
DA:101,1
DA:104,1
DA:105,0
DA:109,1
DA:110,1
DA:112,1
DA:117,0
DA:120,0
DA:121,0
DA:122,0
DA:123,0
DA:124,0
DA:125,0
DA:130,0
DA:136,0
DA:139,0
DA:145,8
LF:54
LH:30
BRDA:17,0,0,1
BRDA:17,0,1,7
BRDA:17,0,2,1
BRDA:17,0,3,0
BRDA:17,0,4,0
BRDA:30,1,0,7
BRDA:30,1,1,1
BRDA:30,1,2,0
BRDA:43,2,0,0
BRDA:43,2,1,0
BRDA:44,3,0,0
BRDA:44,3,1,0
BRDA:46,4,0,0
BRDA:46,4,1,0
BRDA:71,5,0,1
BRDA:71,5,1,0
BRDA:71,5,2,0
BRDA:84,6,0,0
BRDA:84,6,1,0
BRDA:100,7,0,1
BRDA:104,8,0,0
BRDA:109,9,0,1
BRDA:109,10,0,1
BRDA:109,10,1,0
BRDA:121,11,0,0
BRDA:123,12,0,0
BRDA:132,13,0,0
BRDA:132,13,1,0
BRDA:133,14,0,0
BRDA:133,14,1,0
BRF:30
BRH:9
end_of_record
